<?xml version="1.0" encoding="UTF-8"?>
<!-- Generated by org.testng.reporters.JUnitXMLReporter -->
<testsuite ignored="2" hostname="IN-B8LL1J3" failures="1" tests="1" name="Surefire test" time="8.971" errors="0" timestamp="2024-06-07T09:19:30 IST">
  <testcase classname="testcase.FirstOpeartionTest" name="search" time="0.013">
    <failure type="java.lang.NullPointerException">
      <![CDATA[java.lang.NullPointerException
at pages.BasePage.findElement(BasePage.java:12)
at pages.FirstOpeartionPage.Search(FirstOpeartionPage.java:17)
at testcase.FirstOpeartionTest.search(FirstOpeartionTest.java:13)
at java.base/java.util.ArrayList.forEach(ArrayList.java:1540)
... Removed 32 stack frames]]>
    </failure>
  </testcase> <!-- search -->
  <testcase classname="testcase.BaseTest" name="@AfterTest afterTest" time="0.0">
    <ignored/>
  </testcase> <!-- @AfterTest afterTest -->
  <testcase classname="testcase.BaseTest" name="@BeforeTest setup" time="0.0">
    <ignored/>
  </testcase> <!-- @BeforeTest setup -->
</testsuite> <!-- Surefire test -->
