<?xml version="1.0" encoding="UTF-8"?>
<!-- Generated by org.testng.reporters.JUnitXMLReporter -->
<testsuite ignored="6" hostname="IN-B8LL1J3" failures="0" tests="1" name="Default test" time="10.857" errors="0" timestamp="2024-06-14T00:28:39 IST">
  <testcase classname="testcase.FirstOpeartionTest" name="grocery" time="3.109"/>
  <testcase classname="testcase.FirstOpeartionTest" name="search" time="0.0">
    <ignored/>
  </testcase> <!-- search -->
  <testcase classname="testcase.FirstOpeartionTest" name="becomeSeller" time="0.0">
    <ignored/>
  </testcase> <!-- becomeSeller -->
  <testcase classname="testcase.FirstOpeartionTest" name="fashion" time="0.0">
    <ignored/>
  </testcase> <!-- fashion -->
  <testcase classname="testcase.FirstOpeartionTest" name="specficProduct" time="0.0">
    <ignored/>
  </testcase> <!-- specficProduct -->
  <testcase classname="testcase.FirstOpeartionTest" name="twowheeler" time="0.0">
    <ignored/>
  </testcase> <!-- twowheeler -->
  <testcase classname="testcase.FirstOpeartionTest" name="notification" time="0.0">
    <ignored/>
  </testcase> <!-- notification -->
</testsuite> <!-- Default test -->
