<?xml version="1.0" encoding="UTF-8"?>
<!-- Generated by org.testng.reporters.JUnitXMLReporter -->
<testsuite ignored="8" hostname="IN-B8LL1J3" failures="13" tests="13" name="Smoke Test" time="7.768" errors="0" timestamp="2024-06-12T00:42:34 IST">
  <testcase classname="testcase.FirstOpeartionTest" name="search" time="0.008">
    <failure type="java.lang.NullPointerException" message="Cannot invoke &amp;quot;java.util.Map.containsKey(Object)&amp;quot; because &amp;quot;this.testExecutionInfo&amp;quot; is null">
      <![CDATA[java.lang.NullPointerException: Cannot invoke "java.util.Map.containsKey(Object)" because "this.testExecutionInfo" is null
at testcase.FirstOpeartionTest.search(FirstOpeartionTest.java:17)
at java.base/java.util.ArrayList.forEach(ArrayList.java:1511)
... Removed 27 stack frames]]>
    </failure>
  </testcase> <!-- search -->
  <testcase classname="testcase.FirstOpeartionTest" name="grocery" time="0.001">
    <failure type="java.lang.NullPointerException" message="Cannot invoke &amp;quot;org.apache.logging.log4j.Logger.info(String)&amp;quot; because &amp;quot;testcase.FirstOpeartionTest.logger&amp;quot; is null">
      <![CDATA[java.lang.NullPointerException: Cannot invoke "org.apache.logging.log4j.Logger.info(String)" because "testcase.FirstOpeartionTest.logger" is null
at testcase.FirstOpeartionTest.grocery(FirstOpeartionTest.java:28)
at java.base/java.util.ArrayList.forEach(ArrayList.java:1511)
... Removed 27 stack frames]]>
    </failure>
  </testcase> <!-- grocery -->
  <testcase classname="testcase.FirstOpeartionTest" name="specficProduct" time="0.002">
    <failure type="java.lang.NullPointerException" message="Cannot invoke &amp;quot;org.apache.logging.log4j.Logger.info(String)&amp;quot; because &amp;quot;testcase.FirstOpeartionTest.logger&amp;quot; is null">
      <![CDATA[java.lang.NullPointerException: Cannot invoke "org.apache.logging.log4j.Logger.info(String)" because "testcase.FirstOpeartionTest.logger" is null
at testcase.FirstOpeartionTest.specficProduct(FirstOpeartionTest.java:37)
at java.base/java.util.ArrayList.forEach(ArrayList.java:1511)
... Removed 27 stack frames]]>
    </failure>
  </testcase> <!-- specficProduct -->
  <testcase classname="testcase.FirstOpeartionTest" name="becomeSeller" time="0.003">
    <failure type="java.lang.NullPointerException" message="Cannot invoke &amp;quot;org.apache.logging.log4j.Logger.info(String)&amp;quot; because &amp;quot;testcase.FirstOpeartionTest.logger&amp;quot; is null">
      <![CDATA[java.lang.NullPointerException: Cannot invoke "org.apache.logging.log4j.Logger.info(String)" because "testcase.FirstOpeartionTest.logger" is null
at testcase.FirstOpeartionTest.becomeSeller(FirstOpeartionTest.java:45)
at java.base/java.util.ArrayList.forEach(ArrayList.java:1511)
... Removed 27 stack frames]]>
    </failure>
  </testcase> <!-- becomeSeller -->
  <testcase classname="testcase.FirstOpeartionTest" name="fashion" time="0.002">
    <failure type="java.lang.NullPointerException" message="Cannot invoke &amp;quot;org.apache.logging.log4j.Logger.info(String)&amp;quot; because &amp;quot;testcase.FirstOpeartionTest.logger&amp;quot; is null">
      <![CDATA[java.lang.NullPointerException: Cannot invoke "org.apache.logging.log4j.Logger.info(String)" because "testcase.FirstOpeartionTest.logger" is null
at testcase.FirstOpeartionTest.fashion(FirstOpeartionTest.java:53)
at java.base/java.util.ArrayList.forEach(ArrayList.java:1511)
... Removed 27 stack frames]]>
    </failure>
  </testcase> <!-- fashion -->
  <testcase classname="testcase.FirstOpeartionTest" name="fashion" time="0.003">
    <failure type="java.lang.NullPointerException" message="Cannot invoke &amp;quot;org.apache.logging.log4j.Logger.info(String)&amp;quot; because &amp;quot;testcase.FirstOpeartionTest.logger&amp;quot; is null">
      <![CDATA[java.lang.NullPointerException: Cannot invoke "org.apache.logging.log4j.Logger.info(String)" because "testcase.FirstOpeartionTest.logger" is null
at testcase.FirstOpeartionTest.fashion(FirstOpeartionTest.java:53)
at java.base/java.util.ArrayList.forEach(ArrayList.java:1511)
... Removed 27 stack frames]]>
    </failure>
  </testcase> <!-- fashion -->
  <testcase classname="testcase.FirstOpeartionTest" name="notification" time="0.003">
    <failure type="java.lang.NullPointerException" message="Cannot invoke &amp;quot;org.apache.logging.log4j.Logger.info(String)&amp;quot; because &amp;quot;testcase.FirstOpeartionTest.logger&amp;quot; is null">
      <![CDATA[java.lang.NullPointerException: Cannot invoke "org.apache.logging.log4j.Logger.info(String)" because "testcase.FirstOpeartionTest.logger" is null
at testcase.FirstOpeartionTest.notification(FirstOpeartionTest.java:61)
at java.base/java.util.ArrayList.forEach(ArrayList.java:1511)
... Removed 27 stack frames]]>
    </failure>
  </testcase> <!-- notification -->
  <testcase classname="testcase.FirstOpeartionTest" name="twowheeler" time="0.002">
    <failure type="java.lang.NullPointerException" message="Cannot invoke &amp;quot;org.apache.logging.log4j.Logger.info(String)&amp;quot; because &amp;quot;testcase.FirstOpeartionTest.logger&amp;quot; is null">
      <![CDATA[java.lang.NullPointerException: Cannot invoke "org.apache.logging.log4j.Logger.info(String)" because "testcase.FirstOpeartionTest.logger" is null
at testcase.FirstOpeartionTest.twowheeler(FirstOpeartionTest.java:69)
at java.base/java.util.ArrayList.forEach(ArrayList.java:1511)
... Removed 27 stack frames]]>
    </failure>
  </testcase> <!-- twowheeler -->
  <testcase classname="testcase.SecondOperationTest" name="Electronics" time="0.001">
    <failure type="java.lang.NullPointerException" message="Cannot invoke &amp;quot;org.apache.logging.log4j.Logger.info(String)&amp;quot; because &amp;quot;testcase.SecondOperationTest.logger&amp;quot; is null">
      <![CDATA[java.lang.NullPointerException: Cannot invoke "org.apache.logging.log4j.Logger.info(String)" because "testcase.SecondOperationTest.logger" is null
at testcase.SecondOperationTest.Electronics(SecondOperationTest.java:14)
at java.base/java.util.ArrayList.forEach(ArrayList.java:1511)
... Removed 27 stack frames]]>
    </failure>
  </testcase> <!-- Electronics -->
  <testcase classname="testcase.SecondOperationTest" name="Rewards" time="0.002">
    <failure type="java.lang.NullPointerException" message="Cannot invoke &amp;quot;org.apache.logging.log4j.Logger.info(String)&amp;quot; because &amp;quot;testcase.SecondOperationTest.logger&amp;quot; is null">
      <![CDATA[java.lang.NullPointerException: Cannot invoke "org.apache.logging.log4j.Logger.info(String)" because "testcase.SecondOperationTest.logger" is null
at testcase.SecondOperationTest.Rewards(SecondOperationTest.java:22)
at java.base/java.util.ArrayList.forEach(ArrayList.java:1511)
... Removed 27 stack frames]]>
    </failure>
  </testcase> <!-- Rewards -->
  <testcase classname="testcase.SecondOperationTest" name="Signup" time="0.001">
    <failure type="java.lang.NullPointerException" message="Cannot invoke &amp;quot;org.apache.logging.log4j.Logger.info(String)&amp;quot; because &amp;quot;testcase.SecondOperationTest.logger&amp;quot; is null">
      <![CDATA[java.lang.NullPointerException: Cannot invoke "org.apache.logging.log4j.Logger.info(String)" because "testcase.SecondOperationTest.logger" is null
at testcase.SecondOperationTest.Signup(SecondOperationTest.java:44)
at java.base/java.util.ArrayList.forEach(ArrayList.java:1511)
... Removed 27 stack frames]]>
    </failure>
  </testcase> <!-- Signup -->
  <testcase classname="testcase.SecondOperationTest" name="Shopsy" time="0.001">
    <failure type="java.lang.NullPointerException" message="Cannot invoke &amp;quot;org.apache.logging.log4j.Logger.info(String)&amp;quot; because &amp;quot;testcase.SecondOperationTest.logger&amp;quot; is null">
      <![CDATA[java.lang.NullPointerException: Cannot invoke "org.apache.logging.log4j.Logger.info(String)" because "testcase.SecondOperationTest.logger" is null
at testcase.SecondOperationTest.Shopsy(SecondOperationTest.java:52)
at java.base/java.util.ArrayList.forEach(ArrayList.java:1511)
... Removed 27 stack frames]]>
    </failure>
  </testcase> <!-- Shopsy -->
  <testcase classname="testcase.SecondOperationTest" name="CorporateWebsite" time="0.004">
    <failure type="java.lang.NullPointerException" message="Cannot invoke &amp;quot;org.apache.logging.log4j.Logger.info(String)&amp;quot; because &amp;quot;testcase.SecondOperationTest.logger&amp;quot; is null">
      <![CDATA[java.lang.NullPointerException: Cannot invoke "org.apache.logging.log4j.Logger.info(String)" because "testcase.SecondOperationTest.logger" is null
at testcase.SecondOperationTest.CorporateWebsite(SecondOperationTest.java:60)
at java.base/java.util.ArrayList.forEach(ArrayList.java:1511)
... Removed 27 stack frames]]>
    </failure>
  </testcase> <!-- CorporateWebsite -->
  <testcase classname="testcase.ThirdOperationTest" name="Travel" time="0.0">
    <ignored/>
  </testcase> <!-- Travel -->
  <testcase classname="testcase.ThirdOperationTest" name="GiftCardPersonal" time="0.0">
    <ignored/>
  </testcase> <!-- GiftCardPersonal -->
  <testcase classname="testcase.SecondOperationTest" name="Careers" time="0.0">
    <ignored/>
  </testcase> <!-- Careers -->
  <testcase classname="testcase.ThirdOperationTest" name="Cart" time="0.0">
    <ignored/>
  </testcase> <!-- Cart -->
  <testcase classname="testcase.ThirdOperationTest" name="Furniture" time="0.0">
    <ignored/>
  </testcase> <!-- Furniture -->
  <testcase classname="testcase.ThirdOperationTest" name="Advertise" time="0.0">
    <ignored/>
  </testcase> <!-- Advertise -->
  <testcase classname="testcase.SecondOperationTest" name="Login" time="0.0">
    <ignored/>
  </testcase> <!-- Login -->
  <testcase classname="testcase.ThirdOperationTest" name="GiftCard" time="0.0">
    <ignored/>
  </testcase> <!-- GiftCard -->
</testsuite> <!-- Smoke Test -->
