<?xml version="1.0" encoding="UTF-8"?>
<!-- Generated by org.testng.reporters.JUnitXMLReporter -->
<testsuite ignored="0" hostname="IN-B8LL1J3" failures="2" tests="20" name="Test" time="179.299" errors="0" timestamp="2024-06-12T22:01:37 IST">
  <testcase classname="testcase.FirstOpeartionTest" name="search" time="0.005"/>
  <testcase classname="testcase.FirstOpeartionTest" name="grocery" time="5.412"/>
  <testcase classname="testcase.FirstOpeartionTest" name="specficProduct" time="0.004"/>
  <testcase classname="testcase.FirstOpeartionTest" name="becomeSeller" time="9.695"/>
  <testcase classname="testcase.FirstOpeartionTest" name="fashion" time="8.332"/>
  <testcase classname="testcase.FirstOpeartionTest" name="notification" time="1.902"/>
  <testcase classname="testcase.FirstOpeartionTest" name="twowheeler" time="1.925"/>
  <testcase classname="testcase.SecondOperationTest" name="Electronics" time="3.014"/>
  <testcase classname="testcase.SecondOperationTest" name="Rewards" time="1.836"/>
  <testcase classname="testcase.SecondOperationTest" name="Careers" time="8.457"/>
  <testcase classname="testcase.SecondOperationTest" name="Login" time="2.439">
    <failure type="java.lang.AssertionError" message="Login operation failed">
      <![CDATA[java.lang.AssertionError: Login operation failed
at pages.SecondOperationPage.Login(SecondOperationPage.java:81)
at testcase.SecondOperationTest.Login(SecondOperationTest.java:54)
at java.base/java.util.ArrayList.forEach(ArrayList.java:1511)
... Removed 28 stack frames]]>
    </failure>
  </testcase> <!-- Login -->
  <testcase classname="testcase.SecondOperationTest" name="Signup" time="3.123">
    <failure type="java.lang.AssertionError" message="Login operation not performed successfully expected [https://www.flipkart.com/] but found [https://www.flipkart.com/account/login?signup=true]">
      <![CDATA[java.lang.AssertionError: Login operation not performed successfully expected [https://www.flipkart.com/] but found [https://www.flipkart.com/account/login?signup=true]
at pages.SecondOperationPage.Signup(SecondOperationPage.java:90)
at testcase.SecondOperationTest.Signup(SecondOperationTest.java:67)
at java.base/java.util.ArrayList.forEach(ArrayList.java:1511)
... Removed 32 stack frames]]>
    </failure>
  </testcase> <!-- Signup -->
  <testcase classname="testcase.SecondOperationTest" name="Shopsy" time="4.258"/>
  <testcase classname="testcase.SecondOperationTest" name="CorporateWebsite" time="2.078"/>
  <testcase classname="testcase.ThirdOperationTest" name="Advertise" time="3.387"/>
  <testcase classname="testcase.ThirdOperationTest" name="Furniture" time="1.763"/>
  <testcase classname="testcase.ThirdOperationTest" name="GiftCard" time="3.63"/>
  <testcase classname="testcase.ThirdOperationTest" name="GiftCardPersonal" time="0.002"/>
  <testcase classname="testcase.ThirdOperationTest" name="Cart" time="1.814"/>
  <testcase classname="testcase.ThirdOperationTest" name="Travel" time="3.578"/>
</testsuite> <!-- Test -->
