<?xml version="1.0" encoding="UTF-8"?>
<testng-results ignored="0" total="20" passed="15" failed="5" skipped="0">
  <reporter-output>
  </reporter-output>
  <suite started-at="2024-06-12T20:33:44 IST" name="Suite" finished-at="2024-06-12T20:37:33 IST" duration-ms="228999">
    <groups>
      <group name="regression">
        <method signature="FirstOpeartionTest.search(java.lang.String,java.lang.String)[pri:1, instance:testcase.FirstOpeartionTest@24569dba]" name="search" class="testcase.FirstOpeartionTest"/>
        <method signature="ThirdOperationTest.Advertise()[pri:1, instance:testcase.ThirdOperationTest@7c37508a]" name="Advertise" class="testcase.ThirdOperationTest"/>
        <method signature="FirstOpeartionTest.grocery(java.lang.String,java.lang.String)[pri:2, instance:testcase.FirstOpeartionTest@24569dba]" name="grocery" class="testcase.FirstOpeartionTest"/>
        <method signature="ThirdOperationTest.Furniture()[pri:2, instance:testcase.ThirdOperationTest@7c37508a]" name="Furniture" class="testcase.ThirdOperationTest"/>
        <method signature="FirstOpeartionTest.specficProduct()[pri:3, instance:testcase.FirstOpeartionTest@24569dba]" name="specficProduct" class="testcase.FirstOpeartionTest"/>
        <method signature="SecondOperationTest.Careers()[pri:3, instance:testcase.SecondOperationTest@6be968ce]" name="Careers" class="testcase.SecondOperationTest"/>
        <method signature="ThirdOperationTest.GiftCard()[pri:3, instance:testcase.ThirdOperationTest@7c37508a]" name="GiftCard" class="testcase.ThirdOperationTest"/>
        <method signature="FirstOpeartionTest.becomeSeller(java.lang.String,java.lang.String)[pri:4, instance:testcase.FirstOpeartionTest@24569dba]" name="becomeSeller" class="testcase.FirstOpeartionTest"/>
        <method signature="SecondOperationTest.Login()[pri:4, instance:testcase.SecondOperationTest@6be968ce]" name="Login" class="testcase.SecondOperationTest"/>
        <method signature="ThirdOperationTest.GiftCardPersonal()[pri:4, instance:testcase.ThirdOperationTest@7c37508a]" name="GiftCardPersonal" class="testcase.ThirdOperationTest"/>
        <method signature="FirstOpeartionTest.fashion(java.lang.String,java.lang.String)[pri:5, instance:testcase.FirstOpeartionTest@24569dba]" name="fashion" class="testcase.FirstOpeartionTest"/>
        <method signature="ThirdOperationTest.Cart()[pri:5, instance:testcase.ThirdOperationTest@7c37508a]" name="Cart" class="testcase.ThirdOperationTest"/>
        <method signature="FirstOpeartionTest.notification()[pri:6, instance:testcase.FirstOpeartionTest@24569dba]" name="notification" class="testcase.FirstOpeartionTest"/>
        <method signature="ThirdOperationTest.Travel()[pri:6, instance:testcase.ThirdOperationTest@7c37508a]" name="Travel" class="testcase.ThirdOperationTest"/>
        <method signature="FirstOpeartionTest.twowheeler()[pri:7, instance:testcase.FirstOpeartionTest@24569dba]" name="twowheeler" class="testcase.FirstOpeartionTest"/>
      </group> <!-- regression -->
      <group name="smoke">
        <method signature="FirstOpeartionTest.search(java.lang.String,java.lang.String)[pri:1, instance:testcase.FirstOpeartionTest@24569dba]" name="search" class="testcase.FirstOpeartionTest"/>
        <method signature="SecondOperationTest.Electronics()[pri:1, instance:testcase.SecondOperationTest@6be968ce]" name="Electronics" class="testcase.SecondOperationTest"/>
        <method signature="FirstOpeartionTest.grocery(java.lang.String,java.lang.String)[pri:2, instance:testcase.FirstOpeartionTest@24569dba]" name="grocery" class="testcase.FirstOpeartionTest"/>
        <method signature="SecondOperationTest.Rewards()[pri:2, instance:testcase.SecondOperationTest@6be968ce]" name="Rewards" class="testcase.SecondOperationTest"/>
        <method signature="FirstOpeartionTest.specficProduct()[pri:3, instance:testcase.FirstOpeartionTest@24569dba]" name="specficProduct" class="testcase.FirstOpeartionTest"/>
        <method signature="FirstOpeartionTest.becomeSeller(java.lang.String,java.lang.String)[pri:4, instance:testcase.FirstOpeartionTest@24569dba]" name="becomeSeller" class="testcase.FirstOpeartionTest"/>
        <method signature="FirstOpeartionTest.fashion(java.lang.String,java.lang.String)[pri:5, instance:testcase.FirstOpeartionTest@24569dba]" name="fashion" class="testcase.FirstOpeartionTest"/>
        <method signature="SecondOperationTest.Signup()[pri:5, instance:testcase.SecondOperationTest@6be968ce]" name="Signup" class="testcase.SecondOperationTest"/>
        <method signature="FirstOpeartionTest.notification()[pri:6, instance:testcase.FirstOpeartionTest@24569dba]" name="notification" class="testcase.FirstOpeartionTest"/>
        <method signature="SecondOperationTest.Shopsy()[pri:6, instance:testcase.SecondOperationTest@6be968ce]" name="Shopsy" class="testcase.SecondOperationTest"/>
        <method signature="FirstOpeartionTest.twowheeler()[pri:7, instance:testcase.FirstOpeartionTest@24569dba]" name="twowheeler" class="testcase.FirstOpeartionTest"/>
        <method signature="SecondOperationTest.CorporateWebsite()[pri:7, instance:testcase.SecondOperationTest@6be968ce]" name="CorporateWebsite" class="testcase.SecondOperationTest"/>
      </group> <!-- smoke -->
    </groups>
    <test started-at="2024-06-12T20:33:44 IST" name="Test" finished-at="2024-06-12T20:37:33 IST" duration-ms="228999">
      <class name="testcase.ThirdOperationTest">
        <test-method is-config="true" signature="setup(java.lang.reflect.Method)[pri:0, instance:testcase.ThirdOperationTest@7c37508a]" started-at="2024-06-12T20:36:27 IST" name="setup" finished-at="2024-06-12T20:36:32 IST" duration-ms="5115" status="PASS">
          <params>
            <param index="0">
              <value>
                <![CDATA[public void testcase.ThirdOperationTest.Advertise()]]>
              </value>
            </param>
          </params>
          <reporter-output>
          </reporter-output>
        </test-method> <!-- setup -->
        <test-method is-config="true" signature="setUp_Configurations()[pri:0, instance:testcase.ThirdOperationTest@7c37508a]" started-at="2024-06-12T20:36:27 IST" name="setUp_Configurations" finished-at="2024-06-12T20:36:27 IST" duration-ms="0" status="PASS">
          <reporter-output>
          </reporter-output>
        </test-method> <!-- setUp_Configurations -->
        <test-method signature="Advertise()[pri:1, instance:testcase.ThirdOperationTest@7c37508a]" started-at="2024-06-12T20:36:32 IST" name="Advertise" finished-at="2024-06-12T20:36:35 IST" duration-ms="2779" status="PASS">
          <reporter-output>
          </reporter-output>
        </test-method> <!-- Advertise -->
        <test-method is-config="true" signature="tearDownTest()[pri:0, instance:testcase.ThirdOperationTest@7c37508a]" started-at="2024-06-12T20:36:35 IST" name="tearDownTest" finished-at="2024-06-12T20:36:36 IST" duration-ms="1511" status="PASS">
          <reporter-output>
          </reporter-output>
        </test-method> <!-- tearDownTest -->
        <test-method is-config="true" signature="setup(java.lang.reflect.Method)[pri:0, instance:testcase.ThirdOperationTest@7c37508a]" started-at="2024-06-12T20:36:36 IST" name="setup" finished-at="2024-06-12T20:36:42 IST" duration-ms="5898" status="PASS">
          <params>
            <param index="0">
              <value>
                <![CDATA[public void testcase.ThirdOperationTest.Furniture()]]>
              </value>
            </param>
          </params>
          <reporter-output>
          </reporter-output>
        </test-method> <!-- setup -->
        <test-method signature="Furniture()[pri:2, instance:testcase.ThirdOperationTest@7c37508a]" started-at="2024-06-12T20:36:42 IST" name="Furniture" finished-at="2024-06-12T20:36:44 IST" duration-ms="1545" status="PASS">
          <reporter-output>
          </reporter-output>
        </test-method> <!-- Furniture -->
        <test-method is-config="true" signature="tearDownTest()[pri:0, instance:testcase.ThirdOperationTest@7c37508a]" started-at="2024-06-12T20:36:44 IST" name="tearDownTest" finished-at="2024-06-12T20:36:45 IST" duration-ms="1575" status="PASS">
          <reporter-output>
          </reporter-output>
        </test-method> <!-- tearDownTest -->
        <test-method is-config="true" signature="setup(java.lang.reflect.Method)[pri:0, instance:testcase.ThirdOperationTest@7c37508a]" started-at="2024-06-12T20:36:45 IST" name="setup" finished-at="2024-06-12T20:36:50 IST" duration-ms="5096" status="PASS">
          <params>
            <param index="0">
              <value>
                <![CDATA[public void testcase.ThirdOperationTest.GiftCard()]]>
              </value>
            </param>
          </params>
          <reporter-output>
          </reporter-output>
        </test-method> <!-- setup -->
        <test-method signature="GiftCard()[pri:3, instance:testcase.ThirdOperationTest@7c37508a]" started-at="2024-06-12T20:36:50 IST" name="GiftCard" finished-at="2024-06-12T20:36:54 IST" duration-ms="3383" status="PASS">
          <reporter-output>
          </reporter-output>
        </test-method> <!-- GiftCard -->
        <test-method is-config="true" signature="tearDownTest()[pri:0, instance:testcase.ThirdOperationTest@7c37508a]" started-at="2024-06-12T20:36:54 IST" name="tearDownTest" finished-at="2024-06-12T20:36:55 IST" duration-ms="1579" status="PASS">
          <reporter-output>
          </reporter-output>
        </test-method> <!-- tearDownTest -->
        <test-method is-config="true" signature="setup(java.lang.reflect.Method)[pri:0, instance:testcase.ThirdOperationTest@7c37508a]" started-at="2024-06-12T20:36:55 IST" name="setup" finished-at="2024-06-12T20:36:55 IST" duration-ms="76" status="PASS">
          <params>
            <param index="0">
              <value>
                <![CDATA[public void testcase.ThirdOperationTest.GiftCardPersonal()]]>
              </value>
            </param>
          </params>
          <reporter-output>
          </reporter-output>
        </test-method> <!-- setup -->
        <test-method signature="GiftCardPersonal()[pri:4, instance:testcase.ThirdOperationTest@7c37508a]" started-at="2024-06-12T20:36:55 IST" name="GiftCardPersonal" finished-at="2024-06-12T20:36:55 IST" duration-ms="0" status="PASS">
          <reporter-output>
          </reporter-output>
        </test-method> <!-- GiftCardPersonal -->
        <test-method is-config="true" signature="tearDownTest()[pri:0, instance:testcase.ThirdOperationTest@7c37508a]" started-at="2024-06-12T20:36:55 IST" name="tearDownTest" finished-at="2024-06-12T20:36:55 IST" duration-ms="0" status="PASS">
          <reporter-output>
          </reporter-output>
        </test-method> <!-- tearDownTest -->
        <test-method is-config="true" signature="setup(java.lang.reflect.Method)[pri:0, instance:testcase.ThirdOperationTest@7c37508a]" started-at="2024-06-12T20:36:55 IST" name="setup" finished-at="2024-06-12T20:37:01 IST" duration-ms="5742" status="PASS">
          <params>
            <param index="0">
              <value>
                <![CDATA[public void testcase.ThirdOperationTest.Cart()]]>
              </value>
            </param>
          </params>
          <reporter-output>
          </reporter-output>
        </test-method> <!-- setup -->
        <test-method signature="Cart()[pri:5, instance:testcase.ThirdOperationTest@7c37508a]" started-at="2024-06-12T20:37:01 IST" name="Cart" finished-at="2024-06-12T20:37:03 IST" duration-ms="1784" status="PASS">
          <reporter-output>
          </reporter-output>
        </test-method> <!-- Cart -->
        <test-method is-config="true" signature="tearDownTest()[pri:0, instance:testcase.ThirdOperationTest@7c37508a]" started-at="2024-06-12T20:37:03 IST" name="tearDownTest" finished-at="2024-06-12T20:37:04 IST" duration-ms="1420" status="PASS">
          <reporter-output>
          </reporter-output>
        </test-method> <!-- tearDownTest -->
        <test-method is-config="true" signature="setup(java.lang.reflect.Method)[pri:0, instance:testcase.ThirdOperationTest@7c37508a]" started-at="2024-06-12T20:37:04 IST" name="setup" finished-at="2024-06-12T20:37:09 IST" duration-ms="5231" status="PASS">
          <params>
            <param index="0">
              <value>
                <![CDATA[public void testcase.ThirdOperationTest.Travel()]]>
              </value>
            </param>
          </params>
          <reporter-output>
          </reporter-output>
        </test-method> <!-- setup -->
        <test-method signature="Travel()[pri:6, instance:testcase.ThirdOperationTest@7c37508a]" started-at="2024-06-12T20:37:09 IST" name="Travel" finished-at="2024-06-12T20:37:32 IST" duration-ms="22027" status="FAIL">
          <exception class="org.openqa.selenium.NoSuchElementException">
            <message>
              <![CDATA[no such element: Unable to locate element: {"method":"xpath","selector":"//img[@src='https://rukminim2.flixcart.com/fk-p-flap/50/50/image/1d9cd2285f4108e2.jpg?q=50']"}
  (Session info: chrome=125.0.6422.142)
For documentation on this error, please visit: https://www.selenium.dev/documentation/webdriver/troubleshooting/errors#no-such-element-exception
Build info: version: '4.19.1', revision: 'abe0ee07dc'
System info: os.name: 'Windows 10', os.arch: 'amd64', os.version: '10.0', java.version: '11.0.1'
Driver info: org.openqa.selenium.chrome.ChromeDriver
Command: [eb82647945ec553a30134efbd3e26eaf, findElement {using=xpath, value=//img[@src='https://rukminim2.flixcart.com/fk-p-flap/50/50/image/1d9cd2285f4108e2.jpg?q=50']}]
Capabilities {acceptInsecureCerts: false, browserName: chrome, browserVersion: 125.0.6422.142, chrome: {chromedriverVersion: 125.0.6422.141 (4b1e8393712..., userDataDir: C:\Users\KARTIK~1\AppData\L...}, fedcm:accounts: true, goog:chromeOptions: {debuggerAddress: localhost:61113}, networkConnectionEnabled: false, pageLoadStrategy: normal, platformName: windows, proxy: Proxy(), se:cdp: ws://localhost:61113/devtoo..., se:cdpVersion: 125.0.6422.142, setWindowRect: true, strictFileInteractability: false, timeouts: {implicit: 0, pageLoad: 300000, script: 30000}, unhandledPromptBehavior: dismiss and notify, webauthn:extension:credBlob: true, webauthn:extension:largeBlob: true, webauthn:extension:minPinLength: true, webauthn:extension:prf: true, webauthn:virtualAuthenticators: true}
Session ID: eb82647945ec553a30134efbd3e26eaf]]>
            </message>
            <full-stacktrace>
              <![CDATA[org.openqa.selenium.NoSuchElementException: no such element: Unable to locate element: {"method":"xpath","selector":"//img[@src='https://rukminim2.flixcart.com/fk-p-flap/50/50/image/1d9cd2285f4108e2.jpg?q=50']"}
  (Session info: chrome=125.0.6422.142)
For documentation on this error, please visit: https://www.selenium.dev/documentation/webdriver/troubleshooting/errors#no-such-element-exception
Build info: version: '4.19.1', revision: 'abe0ee07dc'
System info: os.name: 'Windows 10', os.arch: 'amd64', os.version: '10.0', java.version: '11.0.1'
Driver info: org.openqa.selenium.chrome.ChromeDriver
Command: [eb82647945ec553a30134efbd3e26eaf, findElement {using=xpath, value=//img[@src='https://rukminim2.flixcart.com/fk-p-flap/50/50/image/1d9cd2285f4108e2.jpg?q=50']}]
Capabilities {acceptInsecureCerts: false, browserName: chrome, browserVersion: 125.0.6422.142, chrome: {chromedriverVersion: 125.0.6422.141 (4b1e8393712..., userDataDir: C:\Users\KARTIK~1\AppData\L...}, fedcm:accounts: true, goog:chromeOptions: {debuggerAddress: localhost:61113}, networkConnectionEnabled: false, pageLoadStrategy: normal, platformName: windows, proxy: Proxy(), se:cdp: ws://localhost:61113/devtoo..., se:cdpVersion: 125.0.6422.142, setWindowRect: true, strictFileInteractability: false, timeouts: {implicit: 0, pageLoad: 300000, script: 30000}, unhandledPromptBehavior: dismiss and notify, webauthn:extension:credBlob: true, webauthn:extension:largeBlob: true, webauthn:extension:minPinLength: true, webauthn:extension:prf: true, webauthn:virtualAuthenticators: true}
Session ID: eb82647945ec553a30134efbd3e26eaf
at java.base/jdk.internal.reflect.NativeConstructorAccessorImpl.newInstance0(Native Method)
at java.base/jdk.internal.reflect.NativeConstructorAccessorImpl.newInstance(NativeConstructorAccessorImpl.java:62)
at java.base/jdk.internal.reflect.DelegatingConstructorAccessorImpl.newInstance(DelegatingConstructorAccessorImpl.java:45)
at java.base/java.lang.reflect.Constructor.newInstance(Constructor.java:490)
at org.openqa.selenium.remote.ErrorCodec.decode(ErrorCodec.java:167)
at org.openqa.selenium.remote.codec.w3c.W3CHttpResponseCodec.decode(W3CHttpResponseCodec.java:138)
at org.openqa.selenium.remote.codec.w3c.W3CHttpResponseCodec.decode(W3CHttpResponseCodec.java:50)
at org.openqa.selenium.remote.HttpCommandExecutor.execute(HttpCommandExecutor.java:190)
at org.openqa.selenium.remote.service.DriverCommandExecutor.invokeExecute(DriverCommandExecutor.java:216)
at org.openqa.selenium.remote.service.DriverCommandExecutor.execute(DriverCommandExecutor.java:174)
at org.openqa.selenium.remote.RemoteWebDriver.execute(RemoteWebDriver.java:518)
at org.openqa.selenium.remote.ElementLocation$ElementFinder$2.findElement(ElementLocation.java:165)
at org.openqa.selenium.remote.ElementLocation.findElement(ElementLocation.java:59)
at org.openqa.selenium.remote.RemoteWebDriver.findElement(RemoteWebDriver.java:355)
at org.openqa.selenium.remote.RemoteWebDriver.findElement(RemoteWebDriver.java:349)
at pages.ThirdOperationPage.Travel(ThirdOperationPage.java:99)
at testcase.ThirdOperationTest.Travel(ThirdOperationTest.java:82)
at java.base/jdk.internal.reflect.NativeMethodAccessorImpl.invoke0(Native Method)
at java.base/jdk.internal.reflect.NativeMethodAccessorImpl.invoke(NativeMethodAccessorImpl.java:62)
at java.base/jdk.internal.reflect.DelegatingMethodAccessorImpl.invoke(DelegatingMethodAccessorImpl.java:43)
at java.base/java.lang.reflect.Method.invoke(Method.java:566)
at org.testng.internal.invokers.MethodInvocationHelper.invokeMethod(MethodInvocationHelper.java:141)
at org.testng.internal.invokers.TestInvoker.invokeMethod(TestInvoker.java:686)
at org.testng.internal.invokers.TestInvoker.invokeTestMethod(TestInvoker.java:230)
at org.testng.internal.invokers.MethodRunner.runInSequence(MethodRunner.java:63)
at org.testng.internal.invokers.TestInvoker$MethodInvocationAgent.invoke(TestInvoker.java:992)
at org.testng.internal.invokers.TestInvoker.invokeTestMethods(TestInvoker.java:203)
at org.testng.internal.invokers.TestMethodWorker.invokeTestMethods(TestMethodWorker.java:154)
at org.testng.internal.invokers.TestMethodWorker.run(TestMethodWorker.java:134)
at java.base/java.util.ArrayList.forEach(ArrayList.java:1540)
at org.testng.TestRunner.privateRun(TestRunner.java:739)
at org.testng.TestRunner.run(TestRunner.java:614)
at org.testng.SuiteRunner.runTest(SuiteRunner.java:421)
at org.testng.SuiteRunner.runSequentially(SuiteRunner.java:413)
at org.testng.SuiteRunner.privateRun(SuiteRunner.java:373)
at org.testng.SuiteRunner.run(SuiteRunner.java:312)
at org.testng.SuiteRunnerWorker.runSuite(SuiteRunnerWorker.java:52)
at org.testng.SuiteRunnerWorker.run(SuiteRunnerWorker.java:95)
at org.testng.TestNG.runSuitesSequentially(TestNG.java:1274)
at org.testng.TestNG.runSuitesLocally(TestNG.java:1208)
at org.testng.TestNG.runSuites(TestNG.java:1112)
at org.testng.TestNG.run(TestNG.java:1079)
at org.apache.maven.surefire.testng.TestNGExecutor.run(TestNGExecutor.java:308)
at org.apache.maven.surefire.testng.TestNGXmlTestSuite.execute(TestNGXmlTestSuite.java:71)
at org.apache.maven.surefire.testng.TestNGProvider.invoke(TestNGProvider.java:113)
at org.apache.maven.surefire.booter.ForkedBooter.runSuitesInProcess(ForkedBooter.java:385)
at org.apache.maven.surefire.booter.ForkedBooter.execute(ForkedBooter.java:162)
at org.apache.maven.surefire.booter.ForkedBooter.run(ForkedBooter.java:507)
at org.apache.maven.surefire.booter.ForkedBooter.main(ForkedBooter.java:495)
]]>
            </full-stacktrace>
          </exception> <!-- org.openqa.selenium.NoSuchElementException -->
          <reporter-output>
          </reporter-output>
        </test-method> <!-- Travel -->
        <test-method is-config="true" signature="tearDownTest()[pri:0, instance:testcase.ThirdOperationTest@7c37508a]" started-at="2024-06-12T20:37:32 IST" name="tearDownTest" finished-at="2024-06-12T20:37:33 IST" duration-ms="1526" status="PASS">
          <reporter-output>
          </reporter-output>
        </test-method> <!-- tearDownTest -->
        <test-method is-config="true" signature="tearDownClass()[pri:0, instance:testcase.ThirdOperationTest@7c37508a]" started-at="2024-06-12T20:37:33 IST" name="tearDownClass" finished-at="2024-06-12T20:37:33 IST" duration-ms="0" status="PASS">
          <reporter-output>
          </reporter-output>
        </test-method> <!-- tearDownClass -->
      </class> <!-- testcase.ThirdOperationTest -->
      <class name="testcase.SecondOperationTest">
        <test-method is-config="true" signature="setUp_Configurations()[pri:0, instance:testcase.SecondOperationTest@6be968ce]" started-at="2024-06-12T20:35:12 IST" name="setUp_Configurations" finished-at="2024-06-12T20:35:12 IST" duration-ms="0" status="PASS">
          <reporter-output>
          </reporter-output>
        </test-method> <!-- setUp_Configurations -->
        <test-method is-config="true" signature="setup(java.lang.reflect.Method)[pri:0, instance:testcase.SecondOperationTest@6be968ce]" started-at="2024-06-12T20:35:12 IST" name="setup" finished-at="2024-06-12T20:35:17 IST" duration-ms="5184" status="PASS">
          <params>
            <param index="0">
              <value>
                <![CDATA[public void testcase.SecondOperationTest.Electronics()]]>
              </value>
            </param>
          </params>
          <reporter-output>
          </reporter-output>
        </test-method> <!-- setup -->
        <test-method signature="Electronics()[pri:1, instance:testcase.SecondOperationTest@6be968ce]" started-at="2024-06-12T20:35:17 IST" name="Electronics" finished-at="2024-06-12T20:35:22 IST" duration-ms="4684" status="PASS">
          <reporter-output>
          </reporter-output>
        </test-method> <!-- Electronics -->
        <test-method is-config="true" signature="tearDownTest()[pri:0, instance:testcase.SecondOperationTest@6be968ce]" started-at="2024-06-12T20:35:22 IST" name="tearDownTest" finished-at="2024-06-12T20:35:23 IST" duration-ms="1365" status="PASS">
          <reporter-output>
          </reporter-output>
        </test-method> <!-- tearDownTest -->
        <test-method is-config="true" signature="setup(java.lang.reflect.Method)[pri:0, instance:testcase.SecondOperationTest@6be968ce]" started-at="2024-06-12T20:35:23 IST" name="setup" finished-at="2024-06-12T20:35:29 IST" duration-ms="5123" status="PASS">
          <params>
            <param index="0">
              <value>
                <![CDATA[public void testcase.SecondOperationTest.Rewards()]]>
              </value>
            </param>
          </params>
          <reporter-output>
          </reporter-output>
        </test-method> <!-- setup -->
        <test-method signature="Rewards()[pri:2, instance:testcase.SecondOperationTest@6be968ce]" started-at="2024-06-12T20:35:29 IST" name="Rewards" finished-at="2024-06-12T20:35:30 IST" duration-ms="1749" status="PASS">
          <reporter-output>
          </reporter-output>
        </test-method> <!-- Rewards -->
        <test-method is-config="true" signature="tearDownTest()[pri:0, instance:testcase.SecondOperationTest@6be968ce]" started-at="2024-06-12T20:35:30 IST" name="tearDownTest" finished-at="2024-06-12T20:35:32 IST" duration-ms="1506" status="PASS">
          <reporter-output>
          </reporter-output>
        </test-method> <!-- tearDownTest -->
        <test-method is-config="true" signature="setup(java.lang.reflect.Method)[pri:0, instance:testcase.SecondOperationTest@6be968ce]" started-at="2024-06-12T20:35:32 IST" name="setup" finished-at="2024-06-12T20:35:37 IST" duration-ms="4909" status="PASS">
          <params>
            <param index="0">
              <value>
                <![CDATA[public void testcase.SecondOperationTest.Careers()]]>
              </value>
            </param>
          </params>
          <reporter-output>
          </reporter-output>
        </test-method> <!-- setup -->
        <test-method signature="Careers()[pri:3, instance:testcase.SecondOperationTest@6be968ce]" started-at="2024-06-12T20:35:37 IST" name="Careers" finished-at="2024-06-12T20:35:42 IST" duration-ms="5378" status="FAIL">
          <exception class="org.openqa.selenium.NoSuchElementException">
            <message>
              <![CDATA[no such element: Unable to locate element: {"method":"xpath","selector":"//a[contains(text(),'Life At Flipkart')]"}
  (Session info: chrome=125.0.6422.142)
For documentation on this error, please visit: https://www.selenium.dev/documentation/webdriver/troubleshooting/errors#no-such-element-exception
Build info: version: '4.19.1', revision: 'abe0ee07dc'
System info: os.name: 'Windows 10', os.arch: 'amd64', os.version: '10.0', java.version: '11.0.1'
Driver info: org.openqa.selenium.chrome.ChromeDriver
Command: [72a74fdcad832c401a8ffd34eab63524, findElement {using=xpath, value=//a[contains(text(),'Life At Flipkart')]}]
Capabilities {acceptInsecureCerts: false, browserName: chrome, browserVersion: 125.0.6422.142, chrome: {chromedriverVersion: 125.0.6422.141 (4b1e8393712..., userDataDir: C:\Users\KARTIK~1\AppData\L...}, fedcm:accounts: true, goog:chromeOptions: {debuggerAddress: localhost:60630}, networkConnectionEnabled: false, pageLoadStrategy: normal, platformName: windows, proxy: Proxy(), se:cdp: ws://localhost:60630/devtoo..., se:cdpVersion: 125.0.6422.142, setWindowRect: true, strictFileInteractability: false, timeouts: {implicit: 0, pageLoad: 300000, script: 30000}, unhandledPromptBehavior: dismiss and notify, webauthn:extension:credBlob: true, webauthn:extension:largeBlob: true, webauthn:extension:minPinLength: true, webauthn:extension:prf: true, webauthn:virtualAuthenticators: true}
Session ID: 72a74fdcad832c401a8ffd34eab63524]]>
            </message>
            <full-stacktrace>
              <![CDATA[org.openqa.selenium.NoSuchElementException: no such element: Unable to locate element: {"method":"xpath","selector":"//a[contains(text(),'Life At Flipkart')]"}
  (Session info: chrome=125.0.6422.142)
For documentation on this error, please visit: https://www.selenium.dev/documentation/webdriver/troubleshooting/errors#no-such-element-exception
Build info: version: '4.19.1', revision: 'abe0ee07dc'
System info: os.name: 'Windows 10', os.arch: 'amd64', os.version: '10.0', java.version: '11.0.1'
Driver info: org.openqa.selenium.chrome.ChromeDriver
Command: [72a74fdcad832c401a8ffd34eab63524, findElement {using=xpath, value=//a[contains(text(),'Life At Flipkart')]}]
Capabilities {acceptInsecureCerts: false, browserName: chrome, browserVersion: 125.0.6422.142, chrome: {chromedriverVersion: 125.0.6422.141 (4b1e8393712..., userDataDir: C:\Users\KARTIK~1\AppData\L...}, fedcm:accounts: true, goog:chromeOptions: {debuggerAddress: localhost:60630}, networkConnectionEnabled: false, pageLoadStrategy: normal, platformName: windows, proxy: Proxy(), se:cdp: ws://localhost:60630/devtoo..., se:cdpVersion: 125.0.6422.142, setWindowRect: true, strictFileInteractability: false, timeouts: {implicit: 0, pageLoad: 300000, script: 30000}, unhandledPromptBehavior: dismiss and notify, webauthn:extension:credBlob: true, webauthn:extension:largeBlob: true, webauthn:extension:minPinLength: true, webauthn:extension:prf: true, webauthn:virtualAuthenticators: true}
Session ID: 72a74fdcad832c401a8ffd34eab63524
at java.base/jdk.internal.reflect.NativeConstructorAccessorImpl.newInstance0(Native Method)
at java.base/jdk.internal.reflect.NativeConstructorAccessorImpl.newInstance(NativeConstructorAccessorImpl.java:62)
at java.base/jdk.internal.reflect.DelegatingConstructorAccessorImpl.newInstance(DelegatingConstructorAccessorImpl.java:45)
at java.base/java.lang.reflect.Constructor.newInstance(Constructor.java:490)
at org.openqa.selenium.remote.ErrorCodec.decode(ErrorCodec.java:167)
at org.openqa.selenium.remote.codec.w3c.W3CHttpResponseCodec.decode(W3CHttpResponseCodec.java:138)
at org.openqa.selenium.remote.codec.w3c.W3CHttpResponseCodec.decode(W3CHttpResponseCodec.java:50)
at org.openqa.selenium.remote.HttpCommandExecutor.execute(HttpCommandExecutor.java:190)
at org.openqa.selenium.remote.service.DriverCommandExecutor.invokeExecute(DriverCommandExecutor.java:216)
at org.openqa.selenium.remote.service.DriverCommandExecutor.execute(DriverCommandExecutor.java:174)
at org.openqa.selenium.remote.RemoteWebDriver.execute(RemoteWebDriver.java:518)
at org.openqa.selenium.remote.ElementLocation$ElementFinder$2.findElement(ElementLocation.java:165)
at org.openqa.selenium.remote.ElementLocation.findElement(ElementLocation.java:59)
at org.openqa.selenium.remote.RemoteWebDriver.findElement(RemoteWebDriver.java:355)
at org.openqa.selenium.remote.RemoteWebDriver.findElement(RemoteWebDriver.java:349)
at pages.SecondOperationPage.Careers(SecondOperationPage.java:63)
at testcase.SecondOperationTest.Careers(SecondOperationTest.java:42)
at java.base/jdk.internal.reflect.NativeMethodAccessorImpl.invoke0(Native Method)
at java.base/jdk.internal.reflect.NativeMethodAccessorImpl.invoke(NativeMethodAccessorImpl.java:62)
at java.base/jdk.internal.reflect.DelegatingMethodAccessorImpl.invoke(DelegatingMethodAccessorImpl.java:43)
at java.base/java.lang.reflect.Method.invoke(Method.java:566)
at org.testng.internal.invokers.MethodInvocationHelper.invokeMethod(MethodInvocationHelper.java:141)
at org.testng.internal.invokers.TestInvoker.invokeMethod(TestInvoker.java:686)
at org.testng.internal.invokers.TestInvoker.invokeTestMethod(TestInvoker.java:230)
at org.testng.internal.invokers.MethodRunner.runInSequence(MethodRunner.java:63)
at org.testng.internal.invokers.TestInvoker$MethodInvocationAgent.invoke(TestInvoker.java:992)
at org.testng.internal.invokers.TestInvoker.invokeTestMethods(TestInvoker.java:203)
at org.testng.internal.invokers.TestMethodWorker.invokeTestMethods(TestMethodWorker.java:154)
at org.testng.internal.invokers.TestMethodWorker.run(TestMethodWorker.java:134)
at java.base/java.util.ArrayList.forEach(ArrayList.java:1540)
at org.testng.TestRunner.privateRun(TestRunner.java:739)
at org.testng.TestRunner.run(TestRunner.java:614)
at org.testng.SuiteRunner.runTest(SuiteRunner.java:421)
at org.testng.SuiteRunner.runSequentially(SuiteRunner.java:413)
at org.testng.SuiteRunner.privateRun(SuiteRunner.java:373)
at org.testng.SuiteRunner.run(SuiteRunner.java:312)
at org.testng.SuiteRunnerWorker.runSuite(SuiteRunnerWorker.java:52)
at org.testng.SuiteRunnerWorker.run(SuiteRunnerWorker.java:95)
at org.testng.TestNG.runSuitesSequentially(TestNG.java:1274)
at org.testng.TestNG.runSuitesLocally(TestNG.java:1208)
at org.testng.TestNG.runSuites(TestNG.java:1112)
at org.testng.TestNG.run(TestNG.java:1079)
at org.apache.maven.surefire.testng.TestNGExecutor.run(TestNGExecutor.java:308)
at org.apache.maven.surefire.testng.TestNGXmlTestSuite.execute(TestNGXmlTestSuite.java:71)
at org.apache.maven.surefire.testng.TestNGProvider.invoke(TestNGProvider.java:113)
at org.apache.maven.surefire.booter.ForkedBooter.runSuitesInProcess(ForkedBooter.java:385)
at org.apache.maven.surefire.booter.ForkedBooter.execute(ForkedBooter.java:162)
at org.apache.maven.surefire.booter.ForkedBooter.run(ForkedBooter.java:507)
at org.apache.maven.surefire.booter.ForkedBooter.main(ForkedBooter.java:495)
]]>
            </full-stacktrace>
          </exception> <!-- org.openqa.selenium.NoSuchElementException -->
          <reporter-output>
          </reporter-output>
        </test-method> <!-- Careers -->
        <test-method is-config="true" signature="tearDownTest()[pri:0, instance:testcase.SecondOperationTest@6be968ce]" started-at="2024-06-12T20:35:42 IST" name="tearDownTest" finished-at="2024-06-12T20:35:44 IST" duration-ms="1580" status="PASS">
          <reporter-output>
          </reporter-output>
        </test-method> <!-- tearDownTest -->
        <test-method is-config="true" signature="setup(java.lang.reflect.Method)[pri:0, instance:testcase.SecondOperationTest@6be968ce]" started-at="2024-06-12T20:35:44 IST" name="setup" finished-at="2024-06-12T20:35:49 IST" duration-ms="5225" status="PASS">
          <params>
            <param index="0">
              <value>
                <![CDATA[public void testcase.SecondOperationTest.Login()]]>
              </value>
            </param>
          </params>
          <reporter-output>
          </reporter-output>
        </test-method> <!-- setup -->
        <test-method signature="Login()[pri:4, instance:testcase.SecondOperationTest@6be968ce]" started-at="2024-06-12T20:35:49 IST" name="Login" finished-at="2024-06-12T20:35:52 IST" duration-ms="2815" status="FAIL">
          <exception class="java.lang.AssertionError">
            <message>
              <![CDATA[Login operation failed]]>
            </message>
            <full-stacktrace>
              <![CDATA[java.lang.AssertionError: Login operation failed
at org.testng.Assert.fail(Assert.java:111)
at pages.SecondOperationPage.Login(SecondOperationPage.java:81)
at testcase.SecondOperationTest.Login(SecondOperationTest.java:54)
at java.base/jdk.internal.reflect.NativeMethodAccessorImpl.invoke0(Native Method)
at java.base/jdk.internal.reflect.NativeMethodAccessorImpl.invoke(NativeMethodAccessorImpl.java:62)
at java.base/jdk.internal.reflect.DelegatingMethodAccessorImpl.invoke(DelegatingMethodAccessorImpl.java:43)
at java.base/java.lang.reflect.Method.invoke(Method.java:566)
at org.testng.internal.invokers.MethodInvocationHelper.invokeMethod(MethodInvocationHelper.java:141)
at org.testng.internal.invokers.TestInvoker.invokeMethod(TestInvoker.java:686)
at org.testng.internal.invokers.TestInvoker.invokeTestMethod(TestInvoker.java:230)
at org.testng.internal.invokers.MethodRunner.runInSequence(MethodRunner.java:63)
at org.testng.internal.invokers.TestInvoker$MethodInvocationAgent.invoke(TestInvoker.java:992)
at org.testng.internal.invokers.TestInvoker.invokeTestMethods(TestInvoker.java:203)
at org.testng.internal.invokers.TestMethodWorker.invokeTestMethods(TestMethodWorker.java:154)
at org.testng.internal.invokers.TestMethodWorker.run(TestMethodWorker.java:134)
at java.base/java.util.ArrayList.forEach(ArrayList.java:1540)
at org.testng.TestRunner.privateRun(TestRunner.java:739)
at org.testng.TestRunner.run(TestRunner.java:614)
at org.testng.SuiteRunner.runTest(SuiteRunner.java:421)
at org.testng.SuiteRunner.runSequentially(SuiteRunner.java:413)
at org.testng.SuiteRunner.privateRun(SuiteRunner.java:373)
at org.testng.SuiteRunner.run(SuiteRunner.java:312)
at org.testng.SuiteRunnerWorker.runSuite(SuiteRunnerWorker.java:52)
at org.testng.SuiteRunnerWorker.run(SuiteRunnerWorker.java:95)
at org.testng.TestNG.runSuitesSequentially(TestNG.java:1274)
at org.testng.TestNG.runSuitesLocally(TestNG.java:1208)
at org.testng.TestNG.runSuites(TestNG.java:1112)
at org.testng.TestNG.run(TestNG.java:1079)
at org.apache.maven.surefire.testng.TestNGExecutor.run(TestNGExecutor.java:308)
at org.apache.maven.surefire.testng.TestNGXmlTestSuite.execute(TestNGXmlTestSuite.java:71)
at org.apache.maven.surefire.testng.TestNGProvider.invoke(TestNGProvider.java:113)
at org.apache.maven.surefire.booter.ForkedBooter.runSuitesInProcess(ForkedBooter.java:385)
at org.apache.maven.surefire.booter.ForkedBooter.execute(ForkedBooter.java:162)
at org.apache.maven.surefire.booter.ForkedBooter.run(ForkedBooter.java:507)
at org.apache.maven.surefire.booter.ForkedBooter.main(ForkedBooter.java:495)
]]>
            </full-stacktrace>
          </exception> <!-- java.lang.AssertionError -->
          <reporter-output>
          </reporter-output>
        </test-method> <!-- Login -->
        <test-method is-config="true" signature="tearDownTest()[pri:0, instance:testcase.SecondOperationTest@6be968ce]" started-at="2024-06-12T20:35:52 IST" name="tearDownTest" finished-at="2024-06-12T20:35:54 IST" duration-ms="1534" status="PASS">
          <reporter-output>
          </reporter-output>
        </test-method> <!-- tearDownTest -->
        <test-method is-config="true" signature="setup(java.lang.reflect.Method)[pri:0, instance:testcase.SecondOperationTest@6be968ce]" started-at="2024-06-12T20:35:54 IST" name="setup" finished-at="2024-06-12T20:35:59 IST" duration-ms="4945" status="PASS">
          <params>
            <param index="0">
              <value>
                <![CDATA[public void testcase.SecondOperationTest.Signup()]]>
              </value>
            </param>
          </params>
          <reporter-output>
          </reporter-output>
        </test-method> <!-- setup -->
        <test-method signature="Signup()[pri:5, instance:testcase.SecondOperationTest@6be968ce]" started-at="2024-06-12T20:35:59 IST" name="Signup" finished-at="2024-06-12T20:36:02 IST" duration-ms="3063" status="FAIL">
          <exception class="java.lang.AssertionError">
            <message>
              <![CDATA[Login operation not performed successfully expected [https://www.flipkart.com/] but found [https://www.flipkart.com/account/login?signup=true]]]>
            </message>
            <full-stacktrace>
              <![CDATA[java.lang.AssertionError: Login operation not performed successfully expected [https://www.flipkart.com/] but found [https://www.flipkart.com/account/login?signup=true]
at org.testng.Assert.fail(Assert.java:111)
at org.testng.Assert.failNotEquals(Assert.java:1578)
at org.testng.Assert.assertEqualsImpl(Assert.java:150)
at org.testng.Assert.assertEquals(Assert.java:132)
at org.testng.Assert.assertEquals(Assert.java:656)
at pages.SecondOperationPage.Signup(SecondOperationPage.java:90)
at testcase.SecondOperationTest.Signup(SecondOperationTest.java:67)
at java.base/jdk.internal.reflect.NativeMethodAccessorImpl.invoke0(Native Method)
at java.base/jdk.internal.reflect.NativeMethodAccessorImpl.invoke(NativeMethodAccessorImpl.java:62)
at java.base/jdk.internal.reflect.DelegatingMethodAccessorImpl.invoke(DelegatingMethodAccessorImpl.java:43)
at java.base/java.lang.reflect.Method.invoke(Method.java:566)
at org.testng.internal.invokers.MethodInvocationHelper.invokeMethod(MethodInvocationHelper.java:141)
at org.testng.internal.invokers.TestInvoker.invokeMethod(TestInvoker.java:686)
at org.testng.internal.invokers.TestInvoker.invokeTestMethod(TestInvoker.java:230)
at org.testng.internal.invokers.MethodRunner.runInSequence(MethodRunner.java:63)
at org.testng.internal.invokers.TestInvoker$MethodInvocationAgent.invoke(TestInvoker.java:992)
at org.testng.internal.invokers.TestInvoker.invokeTestMethods(TestInvoker.java:203)
at org.testng.internal.invokers.TestMethodWorker.invokeTestMethods(TestMethodWorker.java:154)
at org.testng.internal.invokers.TestMethodWorker.run(TestMethodWorker.java:134)
at java.base/java.util.ArrayList.forEach(ArrayList.java:1540)
at org.testng.TestRunner.privateRun(TestRunner.java:739)
at org.testng.TestRunner.run(TestRunner.java:614)
at org.testng.SuiteRunner.runTest(SuiteRunner.java:421)
at org.testng.SuiteRunner.runSequentially(SuiteRunner.java:413)
at org.testng.SuiteRunner.privateRun(SuiteRunner.java:373)
at org.testng.SuiteRunner.run(SuiteRunner.java:312)
at org.testng.SuiteRunnerWorker.runSuite(SuiteRunnerWorker.java:52)
at org.testng.SuiteRunnerWorker.run(SuiteRunnerWorker.java:95)
at org.testng.TestNG.runSuitesSequentially(TestNG.java:1274)
at org.testng.TestNG.runSuitesLocally(TestNG.java:1208)
at org.testng.TestNG.runSuites(TestNG.java:1112)
at org.testng.TestNG.run(TestNG.java:1079)
at org.apache.maven.surefire.testng.TestNGExecutor.run(TestNGExecutor.java:308)
at org.apache.maven.surefire.testng.TestNGXmlTestSuite.execute(TestNGXmlTestSuite.java:71)
at org.apache.maven.surefire.testng.TestNGProvider.invoke(TestNGProvider.java:113)
at org.apache.maven.surefire.booter.ForkedBooter.runSuitesInProcess(ForkedBooter.java:385)
at org.apache.maven.surefire.booter.ForkedBooter.execute(ForkedBooter.java:162)
at org.apache.maven.surefire.booter.ForkedBooter.run(ForkedBooter.java:507)
at org.apache.maven.surefire.booter.ForkedBooter.main(ForkedBooter.java:495)
]]>
            </full-stacktrace>
          </exception> <!-- java.lang.AssertionError -->
          <reporter-output>
          </reporter-output>
        </test-method> <!-- Signup -->
        <test-method is-config="true" signature="tearDownTest()[pri:0, instance:testcase.SecondOperationTest@6be968ce]" started-at="2024-06-12T20:36:02 IST" name="tearDownTest" finished-at="2024-06-12T20:36:04 IST" duration-ms="1528" status="PASS">
          <reporter-output>
          </reporter-output>
        </test-method> <!-- tearDownTest -->
        <test-method is-config="true" signature="setup(java.lang.reflect.Method)[pri:0, instance:testcase.SecondOperationTest@6be968ce]" started-at="2024-06-12T20:36:04 IST" name="setup" finished-at="2024-06-12T20:36:09 IST" duration-ms="5480" status="PASS">
          <params>
            <param index="0">
              <value>
                <![CDATA[public void testcase.SecondOperationTest.Shopsy()]]>
              </value>
            </param>
          </params>
          <reporter-output>
          </reporter-output>
        </test-method> <!-- setup -->
        <test-method signature="Shopsy()[pri:6, instance:testcase.SecondOperationTest@6be968ce]" started-at="2024-06-12T20:36:09 IST" name="Shopsy" finished-at="2024-06-12T20:36:16 IST" duration-ms="6992" status="PASS">
          <reporter-output>
          </reporter-output>
        </test-method> <!-- Shopsy -->
        <test-method is-config="true" signature="tearDownTest()[pri:0, instance:testcase.SecondOperationTest@6be968ce]" started-at="2024-06-12T20:36:16 IST" name="tearDownTest" finished-at="2024-06-12T20:36:18 IST" duration-ms="1881" status="PASS">
          <reporter-output>
          </reporter-output>
        </test-method> <!-- tearDownTest -->
        <test-method is-config="true" signature="setup(java.lang.reflect.Method)[pri:0, instance:testcase.SecondOperationTest@6be968ce]" started-at="2024-06-12T20:36:18 IST" name="setup" finished-at="2024-06-12T20:36:23 IST" duration-ms="5246" status="PASS">
          <params>
            <param index="0">
              <value>
                <![CDATA[public void testcase.SecondOperationTest.CorporateWebsite()]]>
              </value>
            </param>
          </params>
          <reporter-output>
          </reporter-output>
        </test-method> <!-- setup -->
        <test-method signature="CorporateWebsite()[pri:7, instance:testcase.SecondOperationTest@6be968ce]" started-at="2024-06-12T20:36:23 IST" name="CorporateWebsite" finished-at="2024-06-12T20:36:25 IST" duration-ms="2154" status="PASS">
          <reporter-output>
          </reporter-output>
        </test-method> <!-- CorporateWebsite -->
        <test-method is-config="true" signature="tearDownTest()[pri:0, instance:testcase.SecondOperationTest@6be968ce]" started-at="2024-06-12T20:36:25 IST" name="tearDownTest" finished-at="2024-06-12T20:36:27 IST" duration-ms="1481" status="PASS">
          <reporter-output>
          </reporter-output>
        </test-method> <!-- tearDownTest -->
        <test-method is-config="true" signature="tearDownClass()[pri:0, instance:testcase.SecondOperationTest@6be968ce]" started-at="2024-06-12T20:36:27 IST" name="tearDownClass" finished-at="2024-06-12T20:36:27 IST" duration-ms="0" status="PASS">
          <reporter-output>
          </reporter-output>
        </test-method> <!-- tearDownClass -->
      </class> <!-- testcase.SecondOperationTest -->
      <class name="testcase.FirstOpeartionTest">
        <test-method is-config="true" signature="setUp_Configurations()[pri:0, instance:testcase.FirstOpeartionTest@24569dba]" started-at="2024-06-12T20:33:45 IST" name="setUp_Configurations" finished-at="2024-06-12T20:33:45 IST" duration-ms="693" status="PASS">
          <reporter-output>
          </reporter-output>
        </test-method> <!-- setUp_Configurations -->
        <test-method is-config="true" signature="setup(java.lang.reflect.Method)[pri:0, instance:testcase.FirstOpeartionTest@24569dba]" started-at="2024-06-12T20:33:46 IST" name="setup" finished-at="2024-06-12T20:33:46 IST" duration-ms="119" status="PASS">
          <params>
            <param index="0">
              <value>
                <![CDATA[public void testcase.FirstOpeartionTest.search(java.lang.String,java.lang.String)]]>
              </value>
            </param>
          </params>
          <reporter-output>
          </reporter-output>
        </test-method> <!-- setup -->
        <test-method signature="search(java.lang.String,java.lang.String)[pri:1, instance:testcase.FirstOpeartionTest@24569dba]" started-at="2024-06-12T20:33:46 IST" name="search" data-provider="searchdata" finished-at="2024-06-12T20:33:46 IST" duration-ms="0" status="PASS">
          <params>
            <param index="0">
              <value>
                <![CDATA[phones]]>
              </value>
            </param>
            <param index="1">
              <value>
                <![CDATA[samsung]]>
              </value>
            </param>
          </params>
          <reporter-output>
          </reporter-output>
        </test-method> <!-- search -->
        <test-method is-config="true" signature="tearDownTest()[pri:0, instance:testcase.FirstOpeartionTest@24569dba]" started-at="2024-06-12T20:33:46 IST" name="tearDownTest" finished-at="2024-06-12T20:33:46 IST" duration-ms="0" status="PASS">
          <reporter-output>
          </reporter-output>
        </test-method> <!-- tearDownTest -->
        <test-method is-config="true" signature="setup(java.lang.reflect.Method)[pri:0, instance:testcase.FirstOpeartionTest@24569dba]" started-at="2024-06-12T20:33:46 IST" name="setup" finished-at="2024-06-12T20:33:56 IST" duration-ms="9543" status="PASS">
          <params>
            <param index="0">
              <value>
                <![CDATA[public void testcase.FirstOpeartionTest.grocery(java.lang.String,java.lang.String)]]>
              </value>
            </param>
          </params>
          <reporter-output>
          </reporter-output>
        </test-method> <!-- setup -->
        <test-method signature="grocery(java.lang.String,java.lang.String)[pri:2, instance:testcase.FirstOpeartionTest@24569dba]" started-at="2024-06-12T20:33:56 IST" name="grocery" data-provider="grocerydata" finished-at="2024-06-12T20:34:07 IST" duration-ms="11429" status="FAIL">
          <params>
            <param index="0">
              <value>
                <![CDATA[208001]]>
              </value>
            </param>
            <param index="1">
              <value>
                <![CDATA[Lays American Style Cream and Onion Chips]]>
              </value>
            </param>
          </params>
          <exception class="org.openqa.selenium.NoSuchElementException">
            <message>
              <![CDATA[no such element: Unable to locate element: {"method":"xpath","selector":"//div[@class='_75nlfW']//button[2]"}
  (Session info: chrome=125.0.6422.142)
For documentation on this error, please visit: https://www.selenium.dev/documentation/webdriver/troubleshooting/errors#no-such-element-exception
Build info: version: '4.19.1', revision: 'abe0ee07dc'
System info: os.name: 'Windows 10', os.arch: 'amd64', os.version: '10.0', java.version: '11.0.1'
Driver info: org.openqa.selenium.chrome.ChromeDriver
Command: [da150425868bd92fe19b29d99856ee17, findElement {using=xpath, value=//div[@class='_75nlfW']//button[2]}]
Capabilities {acceptInsecureCerts: false, browserName: chrome, browserVersion: 125.0.6422.142, chrome: {chromedriverVersion: 125.0.6422.141 (4b1e8393712..., userDataDir: C:\Users\KARTIK~1\AppData\L...}, fedcm:accounts: true, goog:chromeOptions: {debuggerAddress: localhost:60088}, networkConnectionEnabled: false, pageLoadStrategy: normal, platformName: windows, proxy: Proxy(), se:cdp: ws://localhost:60088/devtoo..., se:cdpVersion: 125.0.6422.142, setWindowRect: true, strictFileInteractability: false, timeouts: {implicit: 0, pageLoad: 300000, script: 30000}, unhandledPromptBehavior: dismiss and notify, webauthn:extension:credBlob: true, webauthn:extension:largeBlob: true, webauthn:extension:minPinLength: true, webauthn:extension:prf: true, webauthn:virtualAuthenticators: true}
Session ID: da150425868bd92fe19b29d99856ee17]]>
            </message>
            <full-stacktrace>
              <![CDATA[org.openqa.selenium.NoSuchElementException: no such element: Unable to locate element: {"method":"xpath","selector":"//div[@class='_75nlfW']//button[2]"}
  (Session info: chrome=125.0.6422.142)
For documentation on this error, please visit: https://www.selenium.dev/documentation/webdriver/troubleshooting/errors#no-such-element-exception
Build info: version: '4.19.1', revision: 'abe0ee07dc'
System info: os.name: 'Windows 10', os.arch: 'amd64', os.version: '10.0', java.version: '11.0.1'
Driver info: org.openqa.selenium.chrome.ChromeDriver
Command: [da150425868bd92fe19b29d99856ee17, findElement {using=xpath, value=//div[@class='_75nlfW']//button[2]}]
Capabilities {acceptInsecureCerts: false, browserName: chrome, browserVersion: 125.0.6422.142, chrome: {chromedriverVersion: 125.0.6422.141 (4b1e8393712..., userDataDir: C:\Users\KARTIK~1\AppData\L...}, fedcm:accounts: true, goog:chromeOptions: {debuggerAddress: localhost:60088}, networkConnectionEnabled: false, pageLoadStrategy: normal, platformName: windows, proxy: Proxy(), se:cdp: ws://localhost:60088/devtoo..., se:cdpVersion: 125.0.6422.142, setWindowRect: true, strictFileInteractability: false, timeouts: {implicit: 0, pageLoad: 300000, script: 30000}, unhandledPromptBehavior: dismiss and notify, webauthn:extension:credBlob: true, webauthn:extension:largeBlob: true, webauthn:extension:minPinLength: true, webauthn:extension:prf: true, webauthn:virtualAuthenticators: true}
Session ID: da150425868bd92fe19b29d99856ee17
at java.base/jdk.internal.reflect.NativeConstructorAccessorImpl.newInstance0(Native Method)
at java.base/jdk.internal.reflect.NativeConstructorAccessorImpl.newInstance(NativeConstructorAccessorImpl.java:62)
at java.base/jdk.internal.reflect.DelegatingConstructorAccessorImpl.newInstance(DelegatingConstructorAccessorImpl.java:45)
at java.base/java.lang.reflect.Constructor.newInstance(Constructor.java:490)
at org.openqa.selenium.remote.ErrorCodec.decode(ErrorCodec.java:167)
at org.openqa.selenium.remote.codec.w3c.W3CHttpResponseCodec.decode(W3CHttpResponseCodec.java:138)
at org.openqa.selenium.remote.codec.w3c.W3CHttpResponseCodec.decode(W3CHttpResponseCodec.java:50)
at org.openqa.selenium.remote.HttpCommandExecutor.execute(HttpCommandExecutor.java:190)
at org.openqa.selenium.remote.service.DriverCommandExecutor.invokeExecute(DriverCommandExecutor.java:216)
at org.openqa.selenium.remote.service.DriverCommandExecutor.execute(DriverCommandExecutor.java:174)
at org.openqa.selenium.remote.RemoteWebDriver.execute(RemoteWebDriver.java:518)
at org.openqa.selenium.remote.ElementLocation$ElementFinder$2.findElement(ElementLocation.java:165)
at org.openqa.selenium.remote.ElementLocation.findElement(ElementLocation.java:59)
at org.openqa.selenium.remote.RemoteWebDriver.findElement(RemoteWebDriver.java:355)
at org.openqa.selenium.remote.RemoteWebDriver.findElement(RemoteWebDriver.java:349)
at pages.FirstOpeartionPage.Grocery(FirstOpeartionPage.java:61)
at testcase.FirstOpeartionTest.grocery(FirstOpeartionTest.java:33)
at java.base/jdk.internal.reflect.NativeMethodAccessorImpl.invoke0(Native Method)
at java.base/jdk.internal.reflect.NativeMethodAccessorImpl.invoke(NativeMethodAccessorImpl.java:62)
at java.base/jdk.internal.reflect.DelegatingMethodAccessorImpl.invoke(DelegatingMethodAccessorImpl.java:43)
at java.base/java.lang.reflect.Method.invoke(Method.java:566)
at org.testng.internal.invokers.MethodInvocationHelper.invokeMethod(MethodInvocationHelper.java:141)
at org.testng.internal.invokers.TestInvoker.invokeMethod(TestInvoker.java:686)
at org.testng.internal.invokers.TestInvoker.invokeTestMethod(TestInvoker.java:230)
at org.testng.internal.invokers.MethodRunner.runInSequence(MethodRunner.java:63)
at org.testng.internal.invokers.TestInvoker$MethodInvocationAgent.invoke(TestInvoker.java:992)
at org.testng.internal.invokers.TestInvoker.invokeTestMethods(TestInvoker.java:203)
at org.testng.internal.invokers.TestMethodWorker.invokeTestMethods(TestMethodWorker.java:154)
at org.testng.internal.invokers.TestMethodWorker.run(TestMethodWorker.java:134)
at java.base/java.util.ArrayList.forEach(ArrayList.java:1540)
at org.testng.TestRunner.privateRun(TestRunner.java:739)
at org.testng.TestRunner.run(TestRunner.java:614)
at org.testng.SuiteRunner.runTest(SuiteRunner.java:421)
at org.testng.SuiteRunner.runSequentially(SuiteRunner.java:413)
at org.testng.SuiteRunner.privateRun(SuiteRunner.java:373)
at org.testng.SuiteRunner.run(SuiteRunner.java:312)
at org.testng.SuiteRunnerWorker.runSuite(SuiteRunnerWorker.java:52)
at org.testng.SuiteRunnerWorker.run(SuiteRunnerWorker.java:95)
at org.testng.TestNG.runSuitesSequentially(TestNG.java:1274)
at org.testng.TestNG.runSuitesLocally(TestNG.java:1208)
at org.testng.TestNG.runSuites(TestNG.java:1112)
at org.testng.TestNG.run(TestNG.java:1079)
at org.apache.maven.surefire.testng.TestNGExecutor.run(TestNGExecutor.java:308)
at org.apache.maven.surefire.testng.TestNGXmlTestSuite.execute(TestNGXmlTestSuite.java:71)
at org.apache.maven.surefire.testng.TestNGProvider.invoke(TestNGProvider.java:113)
at org.apache.maven.surefire.booter.ForkedBooter.runSuitesInProcess(ForkedBooter.java:385)
at org.apache.maven.surefire.booter.ForkedBooter.execute(ForkedBooter.java:162)
at org.apache.maven.surefire.booter.ForkedBooter.run(ForkedBooter.java:507)
at org.apache.maven.surefire.booter.ForkedBooter.main(ForkedBooter.java:495)
]]>
            </full-stacktrace>
          </exception> <!-- org.openqa.selenium.NoSuchElementException -->
          <reporter-output>
          </reporter-output>
        </test-method> <!-- grocery -->
        <test-method is-config="true" signature="tearDownTest()[pri:0, instance:testcase.FirstOpeartionTest@24569dba]" started-at="2024-06-12T20:34:10 IST" name="tearDownTest" finished-at="2024-06-12T20:34:12 IST" duration-ms="2008" status="PASS">
          <reporter-output>
          </reporter-output>
        </test-method> <!-- tearDownTest -->
        <test-method is-config="true" signature="setup(java.lang.reflect.Method)[pri:0, instance:testcase.FirstOpeartionTest@24569dba]" started-at="2024-06-12T20:34:12 IST" name="setup" finished-at="2024-06-12T20:34:17 IST" duration-ms="4848" status="PASS">
          <params>
            <param index="0">
              <value>
                <![CDATA[public void testcase.FirstOpeartionTest.specficProduct()]]>
              </value>
            </param>
          </params>
          <reporter-output>
          </reporter-output>
        </test-method> <!-- setup -->
        <test-method signature="specficProduct()[pri:3, instance:testcase.FirstOpeartionTest@24569dba]" started-at="2024-06-12T20:34:17 IST" name="specficProduct" finished-at="2024-06-12T20:34:17 IST" duration-ms="1" status="PASS">
          <reporter-output>
          </reporter-output>
        </test-method> <!-- specficProduct -->
        <test-method is-config="true" signature="tearDownTest()[pri:0, instance:testcase.FirstOpeartionTest@24569dba]" started-at="2024-06-12T20:34:17 IST" name="tearDownTest" finished-at="2024-06-12T20:34:18 IST" duration-ms="1532" status="PASS">
          <reporter-output>
          </reporter-output>
        </test-method> <!-- tearDownTest -->
        <test-method is-config="true" signature="setup(java.lang.reflect.Method)[pri:0, instance:testcase.FirstOpeartionTest@24569dba]" started-at="2024-06-12T20:34:19 IST" name="setup" finished-at="2024-06-12T20:34:24 IST" duration-ms="5370" status="PASS">
          <params>
            <param index="0">
              <value>
                <![CDATA[public void testcase.FirstOpeartionTest.becomeSeller(java.lang.String,java.lang.String)]]>
              </value>
            </param>
          </params>
          <reporter-output>
          </reporter-output>
        </test-method> <!-- setup -->
        <test-method signature="becomeSeller(java.lang.String,java.lang.String)[pri:4, instance:testcase.FirstOpeartionTest@24569dba]" started-at="2024-06-12T20:34:24 IST" name="becomeSeller" data-provider="sellerdata" finished-at="2024-06-12T20:34:38 IST" duration-ms="14183" status="PASS">
          <params>
            <param index="0">
              <value>
                <![CDATA[9919520904]]>
              </value>
            </param>
            <param index="1">
              <value>
                <![CDATA[hello@gmail.com]]>
              </value>
            </param>
          </params>
          <reporter-output>
          </reporter-output>
        </test-method> <!-- becomeSeller -->
        <test-method is-config="true" signature="tearDownTest()[pri:0, instance:testcase.FirstOpeartionTest@24569dba]" started-at="2024-06-12T20:34:38 IST" name="tearDownTest" finished-at="2024-06-12T20:34:40 IST" duration-ms="1792" status="PASS">
          <reporter-output>
          </reporter-output>
        </test-method> <!-- tearDownTest -->
        <test-method is-config="true" signature="setup(java.lang.reflect.Method)[pri:0, instance:testcase.FirstOpeartionTest@24569dba]" started-at="2024-06-12T20:34:40 IST" name="setup" finished-at="2024-06-12T20:34:45 IST" duration-ms="5075" status="PASS">
          <params>
            <param index="0">
              <value>
                <![CDATA[public void testcase.FirstOpeartionTest.fashion(java.lang.String,java.lang.String)]]>
              </value>
            </param>
          </params>
          <reporter-output>
          </reporter-output>
        </test-method> <!-- setup -->
        <test-method signature="fashion(java.lang.String,java.lang.String)[pri:5, instance:testcase.FirstOpeartionTest@24569dba]" started-at="2024-06-12T20:34:45 IST" name="fashion" data-provider="fashiondata" finished-at="2024-06-12T20:34:53 IST" duration-ms="7548" status="PASS">
          <params>
            <param index="0">
              <value>
                <![CDATA[Men's Top Wear]]>
              </value>
            </param>
            <param index="1">
              <value>
                <![CDATA[Men Regular Fit Solid Spread Collar Casual Shirt]]>
              </value>
            </param>
          </params>
          <reporter-output>
          </reporter-output>
        </test-method> <!-- fashion -->
        <test-method is-config="true" signature="tearDownTest()[pri:0, instance:testcase.FirstOpeartionTest@24569dba]" started-at="2024-06-12T20:34:53 IST" name="tearDownTest" finished-at="2024-06-12T20:34:55 IST" duration-ms="2129" status="PASS">
          <reporter-output>
          </reporter-output>
        </test-method> <!-- tearDownTest -->
        <test-method is-config="true" signature="setup(java.lang.reflect.Method)[pri:0, instance:testcase.FirstOpeartionTest@24569dba]" started-at="2024-06-12T20:34:55 IST" name="setup" finished-at="2024-06-12T20:35:00 IST" duration-ms="5451" status="PASS">
          <params>
            <param index="0">
              <value>
                <![CDATA[public void testcase.FirstOpeartionTest.notification()]]>
              </value>
            </param>
          </params>
          <reporter-output>
          </reporter-output>
        </test-method> <!-- setup -->
        <test-method signature="notification()[pri:6, instance:testcase.FirstOpeartionTest@24569dba]" started-at="2024-06-12T20:35:00 IST" name="notification" finished-at="2024-06-12T20:35:02 IST" duration-ms="2038" status="PASS">
          <reporter-output>
          </reporter-output>
        </test-method> <!-- notification -->
        <test-method is-config="true" signature="tearDownTest()[pri:0, instance:testcase.FirstOpeartionTest@24569dba]" started-at="2024-06-12T20:35:02 IST" name="tearDownTest" finished-at="2024-06-12T20:35:03 IST" duration-ms="1310" status="PASS">
          <reporter-output>
          </reporter-output>
        </test-method> <!-- tearDownTest -->
        <test-method is-config="true" signature="setup(java.lang.reflect.Method)[pri:0, instance:testcase.FirstOpeartionTest@24569dba]" started-at="2024-06-12T20:35:03 IST" name="setup" finished-at="2024-06-12T20:35:09 IST" duration-ms="5143" status="PASS">
          <params>
            <param index="0">
              <value>
                <![CDATA[public void testcase.FirstOpeartionTest.twowheeler()]]>
              </value>
            </param>
          </params>
          <reporter-output>
          </reporter-output>
        </test-method> <!-- setup -->
        <test-method signature="twowheeler()[pri:7, instance:testcase.FirstOpeartionTest@24569dba]" started-at="2024-06-12T20:35:09 IST" name="twowheeler" finished-at="2024-06-12T20:35:11 IST" duration-ms="2220" status="PASS">
          <reporter-output>
          </reporter-output>
        </test-method> <!-- twowheeler -->
        <test-method is-config="true" signature="tearDownTest()[pri:0, instance:testcase.FirstOpeartionTest@24569dba]" started-at="2024-06-12T20:35:11 IST" name="tearDownTest" finished-at="2024-06-12T20:35:12 IST" duration-ms="1369" status="PASS">
          <reporter-output>
          </reporter-output>
        </test-method> <!-- tearDownTest -->
        <test-method is-config="true" signature="tearDownClass()[pri:0, instance:testcase.FirstOpeartionTest@24569dba]" started-at="2024-06-12T20:35:12 IST" name="tearDownClass" finished-at="2024-06-12T20:35:12 IST" duration-ms="0" status="PASS">
          <reporter-output>
          </reporter-output>
        </test-method> <!-- tearDownClass -->
      </class> <!-- testcase.FirstOpeartionTest -->
    </test> <!-- Test -->
  </suite> <!-- Suite -->
</testng-results>
