<?xml version="1.0" encoding="UTF-8"?>
<testng-results ignored="0" total="1" passed="1" failed="0" skipped="0">
  <reporter-output>
  </reporter-output>
  <suite started-at="2024-06-08T12:35:05 IST" name="Default suite" finished-at="2024-06-08T12:35:23 IST" duration-ms="18243">
    <groups>
    </groups>
    <test started-at="2024-06-08T12:35:05 IST" name="Default test" finished-at="2024-06-08T12:35:23 IST" duration-ms="18243">
      <class name="testcase.FirstOpeartionTest">
        <test-method is-config="true" signature="setUp_Logger()[pri:0, instance:testcase.FirstOpeartionTest@14028087]" started-at="2024-06-08T12:35:05 IST" name="setUp_Logger" finished-at="2024-06-08T12:35:06 IST" duration-ms="656" status="PASS">
          <reporter-output>
          </reporter-output>
        </test-method> <!-- setUp_Logger -->
        <test-method is-config="true" signature="setup()[pri:0, instance:testcase.FirstOpeartionTest@14028087]" started-at="2024-06-08T12:35:07 IST" name="setup" finished-at="2024-06-08T12:35:18 IST" duration-ms="11721" status="PASS">
          <reporter-output>
          </reporter-output>
        </test-method> <!-- setup -->
        <test-method signature="search(java.lang.String)[pri:0, instance:testcase.FirstOpeartionTest@14028087]" started-at="2024-06-08T12:35:18 IST" name="search" data-provider="searchdata" finished-at="2024-06-08T12:35:22 IST" duration-ms="4121" status="PASS">
          <params>
            <param index="0">
              <value>
                <![CDATA[phones]]>
              </value>
            </param>
          </params>
          <reporter-output>
          </reporter-output>
        </test-method> <!-- search -->
        <test-method is-config="true" signature="afterTest()[pri:0, instance:testcase.FirstOpeartionTest@14028087]" started-at="2024-06-08T12:35:22 IST" name="afterTest" finished-at="2024-06-08T12:35:23 IST" duration-ms="1071" status="PASS">
          <reporter-output>
          </reporter-output>
        </test-method> <!-- afterTest -->
      </class> <!-- testcase.FirstOpeartionTest -->
    </test> <!-- Default test -->
  </suite> <!-- Default suite -->
</testng-results>
