<?xml version="1.0" encoding="UTF-8"?>
<testng-results ignored="0" total="20" passed="14" failed="6" skipped="0">
  <reporter-output>
  </reporter-output>
  <suite started-at="2024-06-13T12:58:56 IST" name="Suite" finished-at="2024-06-13T13:02:37 IST" duration-ms="220334">
    <groups>
      <group name="regression">
        <method signature="FirstOpeartionTest.search(java.lang.String,java.lang.String)[pri:1, instance:testcase.FirstOpeartionTest@4a83a74a]" name="search" class="testcase.FirstOpeartionTest"/>
        <method signature="ThirdOperationTest.Advertise(java.lang.String,java.lang.String,java.lang.String,java.lang.String)[pri:1, instance:testcase.ThirdOperationTest@35dab4eb]" name="Advertise" class="testcase.ThirdOperationTest"/>
        <method signature="FirstOpeartionTest.grocery(java.lang.String,java.lang.String)[pri:2, instance:testcase.FirstOpeartionTest@4a83a74a]" name="grocery" class="testcase.FirstOpeartionTest"/>
        <method signature="ThirdOperationTest.Furniture()[pri:2, instance:testcase.ThirdOperationTest@35dab4eb]" name="Furniture" class="testcase.ThirdOperationTest"/>
        <method signature="FirstOpeartionTest.specficProduct()[pri:3, instance:testcase.FirstOpeartionTest@4a83a74a]" name="specficProduct" class="testcase.FirstOpeartionTest"/>
        <method signature="SecondOperationTest.Careers(java.lang.String,java.lang.String)[pri:3, instance:testcase.SecondOperationTest@8519cb4]" name="Careers" class="testcase.SecondOperationTest"/>
        <method signature="ThirdOperationTest.GiftCard()[pri:3, instance:testcase.ThirdOperationTest@35dab4eb]" name="GiftCard" class="testcase.ThirdOperationTest"/>
        <method signature="FirstOpeartionTest.becomeSeller(java.lang.String,java.lang.String)[pri:4, instance:testcase.FirstOpeartionTest@4a83a74a]" name="becomeSeller" class="testcase.FirstOpeartionTest"/>
        <method signature="SecondOperationTest.Login(java.lang.String)[pri:4, instance:testcase.SecondOperationTest@8519cb4]" name="Login" class="testcase.SecondOperationTest"/>
        <method signature="ThirdOperationTest.GiftCardPersonal(java.lang.String,java.lang.String,java.lang.String,java.lang.String)[pri:4, instance:testcase.ThirdOperationTest@35dab4eb]" name="GiftCardPersonal" class="testcase.ThirdOperationTest"/>
        <method signature="FirstOpeartionTest.fashion(java.lang.String,java.lang.String)[pri:5, instance:testcase.FirstOpeartionTest@4a83a74a]" name="fashion" class="testcase.FirstOpeartionTest"/>
        <method signature="ThirdOperationTest.Cart(java.lang.String)[pri:5, instance:testcase.ThirdOperationTest@35dab4eb]" name="Cart" class="testcase.ThirdOperationTest"/>
        <method signature="FirstOpeartionTest.notification()[pri:6, instance:testcase.FirstOpeartionTest@4a83a74a]" name="notification" class="testcase.FirstOpeartionTest"/>
        <method signature="ThirdOperationTest.Travel()[pri:6, instance:testcase.ThirdOperationTest@35dab4eb]" name="Travel" class="testcase.ThirdOperationTest"/>
        <method signature="FirstOpeartionTest.twowheeler()[pri:7, instance:testcase.FirstOpeartionTest@4a83a74a]" name="twowheeler" class="testcase.FirstOpeartionTest"/>
      </group> <!-- regression -->
      <group name="smoke">
        <method signature="FirstOpeartionTest.search(java.lang.String,java.lang.String)[pri:1, instance:testcase.FirstOpeartionTest@4a83a74a]" name="search" class="testcase.FirstOpeartionTest"/>
        <method signature="SecondOperationTest.Electronics()[pri:1, instance:testcase.SecondOperationTest@8519cb4]" name="Electronics" class="testcase.SecondOperationTest"/>
        <method signature="FirstOpeartionTest.grocery(java.lang.String,java.lang.String)[pri:2, instance:testcase.FirstOpeartionTest@4a83a74a]" name="grocery" class="testcase.FirstOpeartionTest"/>
        <method signature="SecondOperationTest.Rewards()[pri:2, instance:testcase.SecondOperationTest@8519cb4]" name="Rewards" class="testcase.SecondOperationTest"/>
        <method signature="FirstOpeartionTest.specficProduct()[pri:3, instance:testcase.FirstOpeartionTest@4a83a74a]" name="specficProduct" class="testcase.FirstOpeartionTest"/>
        <method signature="FirstOpeartionTest.becomeSeller(java.lang.String,java.lang.String)[pri:4, instance:testcase.FirstOpeartionTest@4a83a74a]" name="becomeSeller" class="testcase.FirstOpeartionTest"/>
        <method signature="FirstOpeartionTest.fashion(java.lang.String,java.lang.String)[pri:5, instance:testcase.FirstOpeartionTest@4a83a74a]" name="fashion" class="testcase.FirstOpeartionTest"/>
        <method signature="SecondOperationTest.Signup(java.lang.String)[pri:5, instance:testcase.SecondOperationTest@8519cb4]" name="Signup" class="testcase.SecondOperationTest"/>
        <method signature="FirstOpeartionTest.notification()[pri:6, instance:testcase.FirstOpeartionTest@4a83a74a]" name="notification" class="testcase.FirstOpeartionTest"/>
        <method signature="SecondOperationTest.Shopsy()[pri:6, instance:testcase.SecondOperationTest@8519cb4]" name="Shopsy" class="testcase.SecondOperationTest"/>
        <method signature="FirstOpeartionTest.twowheeler()[pri:7, instance:testcase.FirstOpeartionTest@4a83a74a]" name="twowheeler" class="testcase.FirstOpeartionTest"/>
        <method signature="SecondOperationTest.CorporateWebsite()[pri:7, instance:testcase.SecondOperationTest@8519cb4]" name="CorporateWebsite" class="testcase.SecondOperationTest"/>
      </group> <!-- smoke -->
    </groups>
    <test started-at="2024-06-13T12:58:56 IST" name="Test" finished-at="2024-06-13T13:02:37 IST" duration-ms="220334">
      <class name="testcase.ThirdOperationTest">
        <test-method is-config="true" signature="setUp_Configurations()[pri:0, instance:testcase.ThirdOperationTest@35dab4eb]" started-at="2024-06-13T13:01:37 IST" name="setUp_Configurations" finished-at="2024-06-13T13:01:37 IST" duration-ms="1" status="PASS">
          <reporter-output>
          </reporter-output>
        </test-method> <!-- setUp_Configurations -->
        <test-method is-config="true" signature="setup(java.lang.reflect.Method)[pri:0, instance:testcase.ThirdOperationTest@35dab4eb]" started-at="2024-06-13T13:01:37 IST" name="setup" finished-at="2024-06-13T13:01:42 IST" duration-ms="4506" status="PASS">
          <params>
            <param index="0">
              <value>
                <![CDATA[public void testcase.ThirdOperationTest.Advertise(java.lang.String,java.lang.String,java.lang.String,java.lang.String)]]>
              </value>
            </param>
          </params>
          <reporter-output>
          </reporter-output>
        </test-method> <!-- setup -->
        <test-method signature="Advertise(java.lang.String,java.lang.String,java.lang.String,java.lang.String)[pri:1, instance:testcase.ThirdOperationTest@35dab4eb]" started-at="2024-06-13T13:01:42 IST" name="Advertise" data-provider="detail" finished-at="2024-06-13T13:01:45 IST" duration-ms="2990" status="PASS">
          <params>
            <param index="0">
              <value>
                <![CDATA[kartikey sharma]]>
              </value>
            </param>
            <param index="1">
              <value>
                <![CDATA[hello@gmail.com]]>
              </value>
            </param>
            <param index="2">
              <value>
                <![CDATA[9990123515]]>
              </value>
            </param>
            <param index="3">
              <value>
                <![CDATA[Hello@123]]>
              </value>
            </param>
          </params>
          <reporter-output>
          </reporter-output>
        </test-method> <!-- Advertise -->
        <test-method is-config="true" signature="tearDownTest()[pri:0, instance:testcase.ThirdOperationTest@35dab4eb]" started-at="2024-06-13T13:01:45 IST" name="tearDownTest" finished-at="2024-06-13T13:01:46 IST" duration-ms="936" status="PASS">
          <reporter-output>
          </reporter-output>
        </test-method> <!-- tearDownTest -->
        <test-method is-config="true" signature="setup(java.lang.reflect.Method)[pri:0, instance:testcase.ThirdOperationTest@35dab4eb]" started-at="2024-06-13T13:01:46 IST" name="setup" finished-at="2024-06-13T13:01:50 IST" duration-ms="4163" status="PASS">
          <params>
            <param index="0">
              <value>
                <![CDATA[public void testcase.ThirdOperationTest.Furniture()]]>
              </value>
            </param>
          </params>
          <reporter-output>
          </reporter-output>
        </test-method> <!-- setup -->
        <test-method signature="Furniture()[pri:2, instance:testcase.ThirdOperationTest@35dab4eb]" started-at="2024-06-13T13:01:50 IST" name="Furniture" finished-at="2024-06-13T13:02:00 IST" duration-ms="10075" status="FAIL">
          <exception class="org.openqa.selenium.NoSuchElementException">
            <message>
              <![CDATA[no such element: Unable to locate element: {"method":"xpath","selector":"//span[contains(text(),'Home & Furniture')]"}
  (Session info: chrome=125.0.6422.142)
For documentation on this error, please visit: https://www.selenium.dev/documentation/webdriver/troubleshooting/errors#no-such-element-exception
Build info: version: '4.19.1', revision: 'abe0ee07dc'
System info: os.name: 'Windows 11', os.arch: 'amd64', os.version: '10.0', java.version: '17.0.10'
Driver info: org.openqa.selenium.chrome.ChromeDriver
Command: [e9ff7b541ab0a831c88f20fe78fc4830, findElement {using=xpath, value=//span[contains(text(),'Home & Furniture')]}]
Capabilities {acceptInsecureCerts: false, browserName: chrome, browserVersion: 125.0.6422.142, chrome: {chromedriverVersion: 125.0.6422.141 (4b1e8393712..., userDataDir: C:\Users\KARTIK~1\AppData\L...}, fedcm:accounts: true, goog:chromeOptions: {debuggerAddress: localhost:60185}, networkConnectionEnabled: false, pageLoadStrategy: normal, platformName: windows, proxy: Proxy(), se:cdp: ws://localhost:60185/devtoo..., se:cdpVersion: 125.0.6422.142, setWindowRect: true, strictFileInteractability: false, timeouts: {implicit: 0, pageLoad: 300000, script: 30000}, unhandledPromptBehavior: dismiss and notify, webauthn:extension:credBlob: true, webauthn:extension:largeBlob: true, webauthn:extension:minPinLength: true, webauthn:extension:prf: true, webauthn:virtualAuthenticators: true}
Session ID: e9ff7b541ab0a831c88f20fe78fc4830]]>
            </message>
            <full-stacktrace>
              <![CDATA[org.openqa.selenium.NoSuchElementException: no such element: Unable to locate element: {"method":"xpath","selector":"//span[contains(text(),'Home & Furniture')]"}
  (Session info: chrome=125.0.6422.142)
For documentation on this error, please visit: https://www.selenium.dev/documentation/webdriver/troubleshooting/errors#no-such-element-exception
Build info: version: '4.19.1', revision: 'abe0ee07dc'
System info: os.name: 'Windows 11', os.arch: 'amd64', os.version: '10.0', java.version: '17.0.10'
Driver info: org.openqa.selenium.chrome.ChromeDriver
Command: [e9ff7b541ab0a831c88f20fe78fc4830, findElement {using=xpath, value=//span[contains(text(),'Home & Furniture')]}]
Capabilities {acceptInsecureCerts: false, browserName: chrome, browserVersion: 125.0.6422.142, chrome: {chromedriverVersion: 125.0.6422.141 (4b1e8393712..., userDataDir: C:\Users\KARTIK~1\AppData\L...}, fedcm:accounts: true, goog:chromeOptions: {debuggerAddress: localhost:60185}, networkConnectionEnabled: false, pageLoadStrategy: normal, platformName: windows, proxy: Proxy(), se:cdp: ws://localhost:60185/devtoo..., se:cdpVersion: 125.0.6422.142, setWindowRect: true, strictFileInteractability: false, timeouts: {implicit: 0, pageLoad: 300000, script: 30000}, unhandledPromptBehavior: dismiss and notify, webauthn:extension:credBlob: true, webauthn:extension:largeBlob: true, webauthn:extension:minPinLength: true, webauthn:extension:prf: true, webauthn:virtualAuthenticators: true}
Session ID: e9ff7b541ab0a831c88f20fe78fc4830
at java.base/jdk.internal.reflect.NativeConstructorAccessorImpl.newInstance0(Native Method)
at java.base/jdk.internal.reflect.NativeConstructorAccessorImpl.newInstance(NativeConstructorAccessorImpl.java:77)
at java.base/jdk.internal.reflect.DelegatingConstructorAccessorImpl.newInstance(DelegatingConstructorAccessorImpl.java:45)
at java.base/java.lang.reflect.Constructor.newInstanceWithCaller(Constructor.java:499)
at java.base/java.lang.reflect.Constructor.newInstance(Constructor.java:480)
at org.openqa.selenium.remote.ErrorCodec.decode(ErrorCodec.java:167)
at org.openqa.selenium.remote.codec.w3c.W3CHttpResponseCodec.decode(W3CHttpResponseCodec.java:138)
at org.openqa.selenium.remote.codec.w3c.W3CHttpResponseCodec.decode(W3CHttpResponseCodec.java:50)
at org.openqa.selenium.remote.HttpCommandExecutor.execute(HttpCommandExecutor.java:190)
at org.openqa.selenium.remote.service.DriverCommandExecutor.invokeExecute(DriverCommandExecutor.java:216)
at org.openqa.selenium.remote.service.DriverCommandExecutor.execute(DriverCommandExecutor.java:174)
at org.openqa.selenium.remote.RemoteWebDriver.execute(RemoteWebDriver.java:518)
at org.openqa.selenium.remote.ElementLocation$ElementFinder$2.findElement(ElementLocation.java:165)
at org.openqa.selenium.remote.ElementLocation.findElement(ElementLocation.java:59)
at org.openqa.selenium.remote.RemoteWebDriver.findElement(RemoteWebDriver.java:355)
at org.openqa.selenium.remote.RemoteWebDriver.findElement(RemoteWebDriver.java:349)
at pages.ThirdOperationPage.Furniture(ThirdOperationPage.java:43)
at testcase.ThirdOperationTest.Furniture(ThirdOperationTest.java:29)
at java.base/jdk.internal.reflect.NativeMethodAccessorImpl.invoke0(Native Method)
at java.base/jdk.internal.reflect.NativeMethodAccessorImpl.invoke(NativeMethodAccessorImpl.java:77)
at java.base/jdk.internal.reflect.DelegatingMethodAccessorImpl.invoke(DelegatingMethodAccessorImpl.java:43)
at java.base/java.lang.reflect.Method.invoke(Method.java:568)
at org.testng.internal.invokers.MethodInvocationHelper.invokeMethod(MethodInvocationHelper.java:141)
at org.testng.internal.invokers.TestInvoker.invokeMethod(TestInvoker.java:686)
at org.testng.internal.invokers.TestInvoker.invokeTestMethod(TestInvoker.java:230)
at org.testng.internal.invokers.MethodRunner.runInSequence(MethodRunner.java:63)
at org.testng.internal.invokers.TestInvoker$MethodInvocationAgent.invoke(TestInvoker.java:992)
at org.testng.internal.invokers.TestInvoker.invokeTestMethods(TestInvoker.java:203)
at org.testng.internal.invokers.TestMethodWorker.invokeTestMethods(TestMethodWorker.java:154)
at org.testng.internal.invokers.TestMethodWorker.run(TestMethodWorker.java:134)
at java.base/java.util.ArrayList.forEach(ArrayList.java:1511)
at org.testng.TestRunner.privateRun(TestRunner.java:739)
at org.testng.TestRunner.run(TestRunner.java:614)
at org.testng.SuiteRunner.runTest(SuiteRunner.java:421)
at org.testng.SuiteRunner.runSequentially(SuiteRunner.java:413)
at org.testng.SuiteRunner.privateRun(SuiteRunner.java:373)
at org.testng.SuiteRunner.run(SuiteRunner.java:312)
at org.testng.SuiteRunnerWorker.runSuite(SuiteRunnerWorker.java:52)
at org.testng.SuiteRunnerWorker.run(SuiteRunnerWorker.java:95)
at org.testng.TestNG.runSuitesSequentially(TestNG.java:1274)
at org.testng.TestNG.runSuitesLocally(TestNG.java:1208)
at org.testng.TestNG.runSuites(TestNG.java:1112)
at org.testng.TestNG.run(TestNG.java:1079)
at org.testng.remote.AbstractRemoteTestNG.run(AbstractRemoteTestNG.java:115)
at org.testng.remote.RemoteTestNG.initAndRun(RemoteTestNG.java:293)
at org.testng.remote.RemoteTestNG.main(RemoteTestNG.java:91)
]]>
            </full-stacktrace>
          </exception> <!-- org.openqa.selenium.NoSuchElementException -->
          <reporter-output>
          </reporter-output>
        </test-method> <!-- Furniture -->
        <test-method is-config="true" signature="tearDownTest()[pri:0, instance:testcase.ThirdOperationTest@35dab4eb]" started-at="2024-06-13T13:02:00 IST" name="tearDownTest" finished-at="2024-06-13T13:02:01 IST" duration-ms="1289" status="PASS">
          <reporter-output>
          </reporter-output>
        </test-method> <!-- tearDownTest -->
        <test-method is-config="true" signature="setup(java.lang.reflect.Method)[pri:0, instance:testcase.ThirdOperationTest@35dab4eb]" started-at="2024-06-13T13:02:01 IST" name="setup" finished-at="2024-06-13T13:02:06 IST" duration-ms="4419" status="PASS">
          <params>
            <param index="0">
              <value>
                <![CDATA[public void testcase.ThirdOperationTest.GiftCard()]]>
              </value>
            </param>
          </params>
          <reporter-output>
          </reporter-output>
        </test-method> <!-- setup -->
        <test-method signature="GiftCard()[pri:3, instance:testcase.ThirdOperationTest@35dab4eb]" started-at="2024-06-13T13:02:06 IST" name="GiftCard" finished-at="2024-06-13T13:02:09 IST" duration-ms="3631" status="PASS">
          <reporter-output>
          </reporter-output>
        </test-method> <!-- GiftCard -->
        <test-method is-config="true" signature="tearDownTest()[pri:0, instance:testcase.ThirdOperationTest@35dab4eb]" started-at="2024-06-13T13:02:09 IST" name="tearDownTest" finished-at="2024-06-13T13:02:11 IST" duration-ms="1169" status="PASS">
          <reporter-output>
          </reporter-output>
        </test-method> <!-- tearDownTest -->
        <test-method is-config="true" signature="setup(java.lang.reflect.Method)[pri:0, instance:testcase.ThirdOperationTest@35dab4eb]" started-at="2024-06-13T13:02:11 IST" name="setup" finished-at="2024-06-13T13:02:15 IST" duration-ms="4314" status="PASS">
          <params>
            <param index="0">
              <value>
                <![CDATA[public void testcase.ThirdOperationTest.GiftCardPersonal(java.lang.String,java.lang.String,java.lang.String,java.lang.String)]]>
              </value>
            </param>
          </params>
          <reporter-output>
          </reporter-output>
        </test-method> <!-- setup -->
        <test-method signature="GiftCardPersonal(java.lang.String,java.lang.String,java.lang.String,java.lang.String)[pri:4, instance:testcase.ThirdOperationTest@35dab4eb]" started-at="2024-06-13T13:02:15 IST" name="GiftCardPersonal" data-provider="detail" finished-at="2024-06-13T13:02:21 IST" duration-ms="6036" status="PASS">
          <params>
            <param index="0">
              <value>
                <![CDATA[kartikey sharma]]>
              </value>
            </param>
            <param index="1">
              <value>
                <![CDATA[hello@gmail.com]]>
              </value>
            </param>
            <param index="2">
              <value>
                <![CDATA[9990123515]]>
              </value>
            </param>
            <param index="3">
              <value>
                <![CDATA[Hello@123]]>
              </value>
            </param>
          </params>
          <reporter-output>
          </reporter-output>
        </test-method> <!-- GiftCardPersonal -->
        <test-method is-config="true" signature="tearDownTest()[pri:0, instance:testcase.ThirdOperationTest@35dab4eb]" started-at="2024-06-13T13:02:21 IST" name="tearDownTest" finished-at="2024-06-13T13:02:22 IST" duration-ms="1105" status="PASS">
          <reporter-output>
          </reporter-output>
        </test-method> <!-- tearDownTest -->
        <test-method is-config="true" signature="setup(java.lang.reflect.Method)[pri:0, instance:testcase.ThirdOperationTest@35dab4eb]" started-at="2024-06-13T13:02:22 IST" name="setup" finished-at="2024-06-13T13:02:27 IST" duration-ms="4607" status="PASS">
          <params>
            <param index="0">
              <value>
                <![CDATA[public void testcase.ThirdOperationTest.Cart(java.lang.String)]]>
              </value>
            </param>
          </params>
          <reporter-output>
          </reporter-output>
        </test-method> <!-- setup -->
        <test-method signature="Cart(java.lang.String)[pri:5, instance:testcase.ThirdOperationTest@35dab4eb]" started-at="2024-06-13T13:02:27 IST" name="Cart" data-provider="mobiledata" finished-at="2024-06-13T13:02:29 IST" duration-ms="1889" status="PASS">
          <params>
            <param index="0">
              <value>
                <![CDATA[9990123515]]>
              </value>
            </param>
          </params>
          <reporter-output>
          </reporter-output>
        </test-method> <!-- Cart -->
        <test-method is-config="true" signature="tearDownTest()[pri:0, instance:testcase.ThirdOperationTest@35dab4eb]" started-at="2024-06-13T13:02:29 IST" name="tearDownTest" finished-at="2024-06-13T13:02:30 IST" duration-ms="921" status="PASS">
          <reporter-output>
          </reporter-output>
        </test-method> <!-- tearDownTest -->
        <test-method is-config="true" signature="setup(java.lang.reflect.Method)[pri:0, instance:testcase.ThirdOperationTest@35dab4eb]" started-at="2024-06-13T13:02:30 IST" name="setup" finished-at="2024-06-13T13:02:34 IST" duration-ms="4309" status="PASS">
          <params>
            <param index="0">
              <value>
                <![CDATA[public void testcase.ThirdOperationTest.Travel()]]>
              </value>
            </param>
          </params>
          <reporter-output>
          </reporter-output>
        </test-method> <!-- setup -->
        <test-method signature="Travel()[pri:6, instance:testcase.ThirdOperationTest@35dab4eb]" started-at="2024-06-13T13:02:34 IST" name="Travel" finished-at="2024-06-13T13:02:36 IST" duration-ms="1784" status="PASS">
          <reporter-output>
          </reporter-output>
        </test-method> <!-- Travel -->
        <test-method is-config="true" signature="tearDownTest()[pri:0, instance:testcase.ThirdOperationTest@35dab4eb]" started-at="2024-06-13T13:02:36 IST" name="tearDownTest" finished-at="2024-06-13T13:02:37 IST" duration-ms="1036" status="PASS">
          <reporter-output>
          </reporter-output>
        </test-method> <!-- tearDownTest -->
        <test-method is-config="true" signature="tearDownClass()[pri:0, instance:testcase.ThirdOperationTest@35dab4eb]" started-at="2024-06-13T13:02:37 IST" name="tearDownClass" finished-at="2024-06-13T13:02:37 IST" duration-ms="1" status="PASS">
          <reporter-output>
          </reporter-output>
        </test-method> <!-- tearDownClass -->
      </class> <!-- testcase.ThirdOperationTest -->
      <class name="testcase.SecondOperationTest">
        <test-method is-config="true" signature="setUp_Configurations()[pri:0, instance:testcase.SecondOperationTest@8519cb4]" started-at="2024-06-13T13:00:29 IST" name="setUp_Configurations" finished-at="2024-06-13T13:00:29 IST" duration-ms="0" status="PASS">
          <reporter-output>
          </reporter-output>
        </test-method> <!-- setUp_Configurations -->
        <test-method is-config="true" signature="setup(java.lang.reflect.Method)[pri:0, instance:testcase.SecondOperationTest@8519cb4]" started-at="2024-06-13T13:00:29 IST" name="setup" finished-at="2024-06-13T13:00:33 IST" duration-ms="4624" status="PASS">
          <params>
            <param index="0">
              <value>
                <![CDATA[public void testcase.SecondOperationTest.Electronics()]]>
              </value>
            </param>
          </params>
          <reporter-output>
          </reporter-output>
        </test-method> <!-- setup -->
        <test-method signature="Electronics()[pri:1, instance:testcase.SecondOperationTest@8519cb4]" started-at="2024-06-13T13:00:33 IST" name="Electronics" finished-at="2024-06-13T13:00:45 IST" duration-ms="11317" status="FAIL">
          <exception class="org.openqa.selenium.NoSuchElementException">
            <message>
              <![CDATA[no such element: Unable to locate element: {"method":"xpath","selector":"//a[contains(text(),'Wired Headphones')]"}
  (Session info: chrome=125.0.6422.142)
For documentation on this error, please visit: https://www.selenium.dev/documentation/webdriver/troubleshooting/errors#no-such-element-exception
Build info: version: '4.19.1', revision: 'abe0ee07dc'
System info: os.name: 'Windows 11', os.arch: 'amd64', os.version: '10.0', java.version: '17.0.10'
Driver info: org.openqa.selenium.chrome.ChromeDriver
Command: [8bd1e51df96905bb47ceb508223d1356, findElement {using=xpath, value=//a[contains(text(),'Wired Headphones')]}]
Capabilities {acceptInsecureCerts: false, browserName: chrome, browserVersion: 125.0.6422.142, chrome: {chromedriverVersion: 125.0.6422.141 (4b1e8393712..., userDataDir: C:\Users\KARTIK~1\AppData\L...}, fedcm:accounts: true, goog:chromeOptions: {debuggerAddress: localhost:59677}, networkConnectionEnabled: false, pageLoadStrategy: normal, platformName: windows, proxy: Proxy(), se:cdp: ws://localhost:59677/devtoo..., se:cdpVersion: 125.0.6422.142, setWindowRect: true, strictFileInteractability: false, timeouts: {implicit: 0, pageLoad: 300000, script: 30000}, unhandledPromptBehavior: dismiss and notify, webauthn:extension:credBlob: true, webauthn:extension:largeBlob: true, webauthn:extension:minPinLength: true, webauthn:extension:prf: true, webauthn:virtualAuthenticators: true}
Session ID: 8bd1e51df96905bb47ceb508223d1356]]>
            </message>
            <full-stacktrace>
              <![CDATA[org.openqa.selenium.NoSuchElementException: no such element: Unable to locate element: {"method":"xpath","selector":"//a[contains(text(),'Wired Headphones')]"}
  (Session info: chrome=125.0.6422.142)
For documentation on this error, please visit: https://www.selenium.dev/documentation/webdriver/troubleshooting/errors#no-such-element-exception
Build info: version: '4.19.1', revision: 'abe0ee07dc'
System info: os.name: 'Windows 11', os.arch: 'amd64', os.version: '10.0', java.version: '17.0.10'
Driver info: org.openqa.selenium.chrome.ChromeDriver
Command: [8bd1e51df96905bb47ceb508223d1356, findElement {using=xpath, value=//a[contains(text(),'Wired Headphones')]}]
Capabilities {acceptInsecureCerts: false, browserName: chrome, browserVersion: 125.0.6422.142, chrome: {chromedriverVersion: 125.0.6422.141 (4b1e8393712..., userDataDir: C:\Users\KARTIK~1\AppData\L...}, fedcm:accounts: true, goog:chromeOptions: {debuggerAddress: localhost:59677}, networkConnectionEnabled: false, pageLoadStrategy: normal, platformName: windows, proxy: Proxy(), se:cdp: ws://localhost:59677/devtoo..., se:cdpVersion: 125.0.6422.142, setWindowRect: true, strictFileInteractability: false, timeouts: {implicit: 0, pageLoad: 300000, script: 30000}, unhandledPromptBehavior: dismiss and notify, webauthn:extension:credBlob: true, webauthn:extension:largeBlob: true, webauthn:extension:minPinLength: true, webauthn:extension:prf: true, webauthn:virtualAuthenticators: true}
Session ID: 8bd1e51df96905bb47ceb508223d1356
at java.base/jdk.internal.reflect.NativeConstructorAccessorImpl.newInstance0(Native Method)
at java.base/jdk.internal.reflect.NativeConstructorAccessorImpl.newInstance(NativeConstructorAccessorImpl.java:77)
at java.base/jdk.internal.reflect.DelegatingConstructorAccessorImpl.newInstance(DelegatingConstructorAccessorImpl.java:45)
at java.base/java.lang.reflect.Constructor.newInstanceWithCaller(Constructor.java:499)
at java.base/java.lang.reflect.Constructor.newInstance(Constructor.java:480)
at org.openqa.selenium.remote.ErrorCodec.decode(ErrorCodec.java:167)
at org.openqa.selenium.remote.codec.w3c.W3CHttpResponseCodec.decode(W3CHttpResponseCodec.java:138)
at org.openqa.selenium.remote.codec.w3c.W3CHttpResponseCodec.decode(W3CHttpResponseCodec.java:50)
at org.openqa.selenium.remote.HttpCommandExecutor.execute(HttpCommandExecutor.java:190)
at org.openqa.selenium.remote.service.DriverCommandExecutor.invokeExecute(DriverCommandExecutor.java:216)
at org.openqa.selenium.remote.service.DriverCommandExecutor.execute(DriverCommandExecutor.java:174)
at org.openqa.selenium.remote.RemoteWebDriver.execute(RemoteWebDriver.java:518)
at org.openqa.selenium.remote.ElementLocation$ElementFinder$2.findElement(ElementLocation.java:165)
at org.openqa.selenium.remote.ElementLocation.findElement(ElementLocation.java:59)
at org.openqa.selenium.remote.RemoteWebDriver.findElement(RemoteWebDriver.java:355)
at org.openqa.selenium.remote.RemoteWebDriver.findElement(RemoteWebDriver.java:349)
at pages.SecondOperationPage.Electronics(SecondOperationPage.java:30)
at testcase.SecondOperationTest.Electronics(SecondOperationTest.java:18)
at java.base/jdk.internal.reflect.NativeMethodAccessorImpl.invoke0(Native Method)
at java.base/jdk.internal.reflect.NativeMethodAccessorImpl.invoke(NativeMethodAccessorImpl.java:77)
at java.base/jdk.internal.reflect.DelegatingMethodAccessorImpl.invoke(DelegatingMethodAccessorImpl.java:43)
at java.base/java.lang.reflect.Method.invoke(Method.java:568)
at org.testng.internal.invokers.MethodInvocationHelper.invokeMethod(MethodInvocationHelper.java:141)
at org.testng.internal.invokers.TestInvoker.invokeMethod(TestInvoker.java:686)
at org.testng.internal.invokers.TestInvoker.invokeTestMethod(TestInvoker.java:230)
at org.testng.internal.invokers.MethodRunner.runInSequence(MethodRunner.java:63)
at org.testng.internal.invokers.TestInvoker$MethodInvocationAgent.invoke(TestInvoker.java:992)
at org.testng.internal.invokers.TestInvoker.invokeTestMethods(TestInvoker.java:203)
at org.testng.internal.invokers.TestMethodWorker.invokeTestMethods(TestMethodWorker.java:154)
at org.testng.internal.invokers.TestMethodWorker.run(TestMethodWorker.java:134)
at java.base/java.util.ArrayList.forEach(ArrayList.java:1511)
at org.testng.TestRunner.privateRun(TestRunner.java:739)
at org.testng.TestRunner.run(TestRunner.java:614)
at org.testng.SuiteRunner.runTest(SuiteRunner.java:421)
at org.testng.SuiteRunner.runSequentially(SuiteRunner.java:413)
at org.testng.SuiteRunner.privateRun(SuiteRunner.java:373)
at org.testng.SuiteRunner.run(SuiteRunner.java:312)
at org.testng.SuiteRunnerWorker.runSuite(SuiteRunnerWorker.java:52)
at org.testng.SuiteRunnerWorker.run(SuiteRunnerWorker.java:95)
at org.testng.TestNG.runSuitesSequentially(TestNG.java:1274)
at org.testng.TestNG.runSuitesLocally(TestNG.java:1208)
at org.testng.TestNG.runSuites(TestNG.java:1112)
at org.testng.TestNG.run(TestNG.java:1079)
at org.testng.remote.AbstractRemoteTestNG.run(AbstractRemoteTestNG.java:115)
at org.testng.remote.RemoteTestNG.initAndRun(RemoteTestNG.java:293)
at org.testng.remote.RemoteTestNG.main(RemoteTestNG.java:91)
]]>
            </full-stacktrace>
          </exception> <!-- org.openqa.selenium.NoSuchElementException -->
          <reporter-output>
          </reporter-output>
        </test-method> <!-- Electronics -->
        <test-method is-config="true" signature="tearDownTest()[pri:0, instance:testcase.SecondOperationTest@8519cb4]" started-at="2024-06-13T13:00:45 IST" name="tearDownTest" finished-at="2024-06-13T13:00:48 IST" duration-ms="2843" status="PASS">
          <reporter-output>
          </reporter-output>
        </test-method> <!-- tearDownTest -->
        <test-method is-config="true" signature="setup(java.lang.reflect.Method)[pri:0, instance:testcase.SecondOperationTest@8519cb4]" started-at="2024-06-13T13:00:48 IST" name="setup" finished-at="2024-06-13T13:00:52 IST" duration-ms="4361" status="PASS">
          <params>
            <param index="0">
              <value>
                <![CDATA[public void testcase.SecondOperationTest.Rewards()]]>
              </value>
            </param>
          </params>
          <reporter-output>
          </reporter-output>
        </test-method> <!-- setup -->
        <test-method signature="Rewards()[pri:2, instance:testcase.SecondOperationTest@8519cb4]" started-at="2024-06-13T13:00:52 IST" name="Rewards" finished-at="2024-06-13T13:00:54 IST" duration-ms="1738" status="PASS">
          <reporter-output>
          </reporter-output>
        </test-method> <!-- Rewards -->
        <test-method is-config="true" signature="tearDownTest()[pri:0, instance:testcase.SecondOperationTest@8519cb4]" started-at="2024-06-13T13:00:54 IST" name="tearDownTest" finished-at="2024-06-13T13:00:54 IST" duration-ms="670" status="PASS">
          <reporter-output>
          </reporter-output>
        </test-method> <!-- tearDownTest -->
        <test-method is-config="true" signature="setup(java.lang.reflect.Method)[pri:0, instance:testcase.SecondOperationTest@8519cb4]" started-at="2024-06-13T13:00:55 IST" name="setup" finished-at="2024-06-13T13:00:59 IST" duration-ms="4634" status="PASS">
          <params>
            <param index="0">
              <value>
                <![CDATA[public void testcase.SecondOperationTest.Careers(java.lang.String,java.lang.String)]]>
              </value>
            </param>
          </params>
          <reporter-output>
          </reporter-output>
        </test-method> <!-- setup -->
        <test-method signature="Careers(java.lang.String,java.lang.String)[pri:3, instance:testcase.SecondOperationTest@8519cb4]" started-at="2024-06-13T13:00:59 IST" name="Careers" data-provider="credentials" finished-at="2024-06-13T13:01:05 IST" duration-ms="5409" status="PASS">
          <params>
            <param index="0">
              <value>
                <![CDATA[hello@gmail.com]]>
              </value>
            </param>
            <param index="1">
              <value>
                <![CDATA[Hello@123]]>
              </value>
            </param>
          </params>
          <reporter-output>
          </reporter-output>
        </test-method> <!-- Careers -->
        <test-method is-config="true" signature="tearDownTest()[pri:0, instance:testcase.SecondOperationTest@8519cb4]" started-at="2024-06-13T13:01:05 IST" name="tearDownTest" finished-at="2024-06-13T13:01:06 IST" duration-ms="1248" status="PASS">
          <reporter-output>
          </reporter-output>
        </test-method> <!-- tearDownTest -->
        <test-method is-config="true" signature="setup(java.lang.reflect.Method)[pri:0, instance:testcase.SecondOperationTest@8519cb4]" started-at="2024-06-13T13:01:06 IST" name="setup" finished-at="2024-06-13T13:01:11 IST" duration-ms="4866" status="PASS">
          <params>
            <param index="0">
              <value>
                <![CDATA[public void testcase.SecondOperationTest.Login(java.lang.String)]]>
              </value>
            </param>
          </params>
          <reporter-output>
          </reporter-output>
        </test-method> <!-- setup -->
        <test-method signature="Login(java.lang.String)[pri:4, instance:testcase.SecondOperationTest@8519cb4]" started-at="2024-06-13T13:01:11 IST" name="Login" data-provider="mobiledata" finished-at="2024-06-13T13:01:12 IST" duration-ms="1312" status="FAIL">
          <params>
            <param index="0">
              <value>
                <![CDATA[9990123515]]>
              </value>
            </param>
          </params>
          <exception class="java.lang.AssertionError">
            <message>
              <![CDATA[Login/Signup operation failed]]>
            </message>
            <full-stacktrace>
              <![CDATA[java.lang.AssertionError: Login/Signup operation failed
at org.testng.Assert.fail(Assert.java:111)
at pages.SecondOperationPage.Login(SecondOperationPage.java:86)
at testcase.SecondOperationTest.Login(SecondOperationTest.java:55)
at java.base/jdk.internal.reflect.NativeMethodAccessorImpl.invoke0(Native Method)
at java.base/jdk.internal.reflect.NativeMethodAccessorImpl.invoke(NativeMethodAccessorImpl.java:77)
at java.base/jdk.internal.reflect.DelegatingMethodAccessorImpl.invoke(DelegatingMethodAccessorImpl.java:43)
at java.base/java.lang.reflect.Method.invoke(Method.java:568)
at org.testng.internal.invokers.MethodInvocationHelper.invokeMethod(MethodInvocationHelper.java:141)
at org.testng.internal.invokers.TestInvoker.invokeMethod(TestInvoker.java:686)
at org.testng.internal.invokers.TestInvoker.invokeTestMethod(TestInvoker.java:230)
at org.testng.internal.invokers.MethodRunner.runInSequence(MethodRunner.java:63)
at org.testng.internal.invokers.TestInvoker$MethodInvocationAgent.invoke(TestInvoker.java:992)
at org.testng.internal.invokers.TestInvoker.invokeTestMethods(TestInvoker.java:203)
at org.testng.internal.invokers.TestMethodWorker.invokeTestMethods(TestMethodWorker.java:154)
at org.testng.internal.invokers.TestMethodWorker.run(TestMethodWorker.java:134)
at java.base/java.util.ArrayList.forEach(ArrayList.java:1511)
at org.testng.TestRunner.privateRun(TestRunner.java:739)
at org.testng.TestRunner.run(TestRunner.java:614)
at org.testng.SuiteRunner.runTest(SuiteRunner.java:421)
at org.testng.SuiteRunner.runSequentially(SuiteRunner.java:413)
at org.testng.SuiteRunner.privateRun(SuiteRunner.java:373)
at org.testng.SuiteRunner.run(SuiteRunner.java:312)
at org.testng.SuiteRunnerWorker.runSuite(SuiteRunnerWorker.java:52)
at org.testng.SuiteRunnerWorker.run(SuiteRunnerWorker.java:95)
at org.testng.TestNG.runSuitesSequentially(TestNG.java:1274)
at org.testng.TestNG.runSuitesLocally(TestNG.java:1208)
at org.testng.TestNG.runSuites(TestNG.java:1112)
at org.testng.TestNG.run(TestNG.java:1079)
at org.testng.remote.AbstractRemoteTestNG.run(AbstractRemoteTestNG.java:115)
at org.testng.remote.RemoteTestNG.initAndRun(RemoteTestNG.java:293)
at org.testng.remote.RemoteTestNG.main(RemoteTestNG.java:91)
]]>
            </full-stacktrace>
          </exception> <!-- java.lang.AssertionError -->
          <reporter-output>
          </reporter-output>
        </test-method> <!-- Login -->
        <test-method is-config="true" signature="tearDownTest()[pri:0, instance:testcase.SecondOperationTest@8519cb4]" started-at="2024-06-13T13:01:12 IST" name="tearDownTest" finished-at="2024-06-13T13:01:13 IST" duration-ms="505" status="PASS">
          <reporter-output>
          </reporter-output>
        </test-method> <!-- tearDownTest -->
        <test-method is-config="true" signature="setup(java.lang.reflect.Method)[pri:0, instance:testcase.SecondOperationTest@8519cb4]" started-at="2024-06-13T13:01:13 IST" name="setup" finished-at="2024-06-13T13:01:17 IST" duration-ms="4164" status="PASS">
          <params>
            <param index="0">
              <value>
                <![CDATA[public void testcase.SecondOperationTest.Signup(java.lang.String)]]>
              </value>
            </param>
          </params>
          <reporter-output>
          </reporter-output>
        </test-method> <!-- setup -->
        <test-method signature="Signup(java.lang.String)[pri:5, instance:testcase.SecondOperationTest@8519cb4]" started-at="2024-06-13T13:01:17 IST" name="Signup" data-provider="mobiledata" finished-at="2024-06-13T13:01:20 IST" duration-ms="3052" status="FAIL">
          <params>
            <param index="0">
              <value>
                <![CDATA[9990123515]]>
              </value>
            </param>
          </params>
          <exception class="java.lang.AssertionError">
            <message>
              <![CDATA[Login/Signup operation failed expected [https://www.flipkart.com/] but found [https://www.flipkart.com/account/login?signup=true]]]>
            </message>
            <full-stacktrace>
              <![CDATA[java.lang.AssertionError: Login/Signup operation failed expected [https://www.flipkart.com/] but found [https://www.flipkart.com/account/login?signup=true]
at org.testng.Assert.fail(Assert.java:111)
at org.testng.Assert.failNotEquals(Assert.java:1578)
at org.testng.Assert.assertEqualsImpl(Assert.java:150)
at org.testng.Assert.assertEquals(Assert.java:132)
at org.testng.Assert.assertEquals(Assert.java:656)
at pages.SecondOperationPage.Signup(SecondOperationPage.java:96)
at testcase.SecondOperationTest.Signup(SecondOperationTest.java:68)
at java.base/jdk.internal.reflect.NativeMethodAccessorImpl.invoke0(Native Method)
at java.base/jdk.internal.reflect.NativeMethodAccessorImpl.invoke(NativeMethodAccessorImpl.java:77)
at java.base/jdk.internal.reflect.DelegatingMethodAccessorImpl.invoke(DelegatingMethodAccessorImpl.java:43)
at java.base/java.lang.reflect.Method.invoke(Method.java:568)
at org.testng.internal.invokers.MethodInvocationHelper.invokeMethod(MethodInvocationHelper.java:141)
at org.testng.internal.invokers.TestInvoker.invokeMethod(TestInvoker.java:686)
at org.testng.internal.invokers.TestInvoker.invokeTestMethod(TestInvoker.java:230)
at org.testng.internal.invokers.MethodRunner.runInSequence(MethodRunner.java:63)
at org.testng.internal.invokers.TestInvoker$MethodInvocationAgent.invoke(TestInvoker.java:992)
at org.testng.internal.invokers.TestInvoker.invokeTestMethods(TestInvoker.java:203)
at org.testng.internal.invokers.TestMethodWorker.invokeTestMethods(TestMethodWorker.java:154)
at org.testng.internal.invokers.TestMethodWorker.run(TestMethodWorker.java:134)
at java.base/java.util.ArrayList.forEach(ArrayList.java:1511)
at org.testng.TestRunner.privateRun(TestRunner.java:739)
at org.testng.TestRunner.run(TestRunner.java:614)
at org.testng.SuiteRunner.runTest(SuiteRunner.java:421)
at org.testng.SuiteRunner.runSequentially(SuiteRunner.java:413)
at org.testng.SuiteRunner.privateRun(SuiteRunner.java:373)
at org.testng.SuiteRunner.run(SuiteRunner.java:312)
at org.testng.SuiteRunnerWorker.runSuite(SuiteRunnerWorker.java:52)
at org.testng.SuiteRunnerWorker.run(SuiteRunnerWorker.java:95)
at org.testng.TestNG.runSuitesSequentially(TestNG.java:1274)
at org.testng.TestNG.runSuitesLocally(TestNG.java:1208)
at org.testng.TestNG.runSuites(TestNG.java:1112)
at org.testng.TestNG.run(TestNG.java:1079)
at org.testng.remote.AbstractRemoteTestNG.run(AbstractRemoteTestNG.java:115)
at org.testng.remote.RemoteTestNG.initAndRun(RemoteTestNG.java:293)
at org.testng.remote.RemoteTestNG.main(RemoteTestNG.java:91)
]]>
            </full-stacktrace>
          </exception> <!-- java.lang.AssertionError -->
          <reporter-output>
          </reporter-output>
        </test-method> <!-- Signup -->
        <test-method is-config="true" signature="tearDownTest()[pri:0, instance:testcase.SecondOperationTest@8519cb4]" started-at="2024-06-13T13:01:20 IST" name="tearDownTest" finished-at="2024-06-13T13:01:21 IST" duration-ms="1017" status="PASS">
          <reporter-output>
          </reporter-output>
        </test-method> <!-- tearDownTest -->
        <test-method is-config="true" signature="setup(java.lang.reflect.Method)[pri:0, instance:testcase.SecondOperationTest@8519cb4]" started-at="2024-06-13T13:01:21 IST" name="setup" finished-at="2024-06-13T13:01:26 IST" duration-ms="4516" status="PASS">
          <params>
            <param index="0">
              <value>
                <![CDATA[public void testcase.SecondOperationTest.Shopsy()]]>
              </value>
            </param>
          </params>
          <reporter-output>
          </reporter-output>
        </test-method> <!-- setup -->
        <test-method signature="Shopsy()[pri:6, instance:testcase.SecondOperationTest@8519cb4]" started-at="2024-06-13T13:01:26 IST" name="Shopsy" finished-at="2024-06-13T13:01:29 IST" duration-ms="3018" status="PASS">
          <reporter-output>
          </reporter-output>
        </test-method> <!-- Shopsy -->
        <test-method is-config="true" signature="tearDownTest()[pri:0, instance:testcase.SecondOperationTest@8519cb4]" started-at="2024-06-13T13:01:29 IST" name="tearDownTest" finished-at="2024-06-13T13:01:30 IST" duration-ms="1063" status="PASS">
          <reporter-output>
          </reporter-output>
        </test-method> <!-- tearDownTest -->
        <test-method is-config="true" signature="setup(java.lang.reflect.Method)[pri:0, instance:testcase.SecondOperationTest@8519cb4]" started-at="2024-06-13T13:01:30 IST" name="setup" finished-at="2024-06-13T13:01:34 IST" duration-ms="4446" status="PASS">
          <params>
            <param index="0">
              <value>
                <![CDATA[public void testcase.SecondOperationTest.CorporateWebsite()]]>
              </value>
            </param>
          </params>
          <reporter-output>
          </reporter-output>
        </test-method> <!-- setup -->
        <test-method signature="CorporateWebsite()[pri:7, instance:testcase.SecondOperationTest@8519cb4]" started-at="2024-06-13T13:01:34 IST" name="CorporateWebsite" finished-at="2024-06-13T13:01:36 IST" duration-ms="1831" status="PASS">
          <reporter-output>
          </reporter-output>
        </test-method> <!-- CorporateWebsite -->
        <test-method is-config="true" signature="tearDownTest()[pri:0, instance:testcase.SecondOperationTest@8519cb4]" started-at="2024-06-13T13:01:36 IST" name="tearDownTest" finished-at="2024-06-13T13:01:37 IST" duration-ms="1015" status="PASS">
          <reporter-output>
          </reporter-output>
        </test-method> <!-- tearDownTest -->
        <test-method is-config="true" signature="tearDownClass()[pri:0, instance:testcase.SecondOperationTest@8519cb4]" started-at="2024-06-13T13:01:37 IST" name="tearDownClass" finished-at="2024-06-13T13:01:37 IST" duration-ms="1" status="PASS">
          <reporter-output>
          </reporter-output>
        </test-method> <!-- tearDownClass -->
      </class> <!-- testcase.SecondOperationTest -->
      <class name="testcase.FirstOpeartionTest">
        <test-method is-config="true" signature="setUp_Configurations()[pri:0, instance:testcase.FirstOpeartionTest@4a83a74a]" started-at="2024-06-13T12:58:57 IST" name="setUp_Configurations" finished-at="2024-06-13T12:58:58 IST" duration-ms="611" status="PASS">
          <reporter-output>
          </reporter-output>
        </test-method> <!-- setUp_Configurations -->
        <test-method is-config="true" signature="setup(java.lang.reflect.Method)[pri:0, instance:testcase.FirstOpeartionTest@4a83a74a]" started-at="2024-06-13T12:58:58 IST" name="setup" finished-at="2024-06-13T12:58:58 IST" duration-ms="77" status="PASS">
          <params>
            <param index="0">
              <value>
                <![CDATA[public void testcase.FirstOpeartionTest.search(java.lang.String,java.lang.String)]]>
              </value>
            </param>
          </params>
          <reporter-output>
          </reporter-output>
        </test-method> <!-- setup -->
        <test-method signature="search(java.lang.String,java.lang.String)[pri:1, instance:testcase.FirstOpeartionTest@4a83a74a]" started-at="2024-06-13T12:58:58 IST" name="search" data-provider="searchdata" finished-at="2024-06-13T12:58:58 IST" duration-ms="7" status="PASS">
          <params>
            <param index="0">
              <value>
                <![CDATA[phones]]>
              </value>
            </param>
            <param index="1">
              <value>
                <![CDATA[samsung]]>
              </value>
            </param>
          </params>
          <reporter-output>
          </reporter-output>
        </test-method> <!-- search -->
        <test-method is-config="true" signature="tearDownTest()[pri:0, instance:testcase.FirstOpeartionTest@4a83a74a]" started-at="2024-06-13T12:58:58 IST" name="tearDownTest" finished-at="2024-06-13T12:58:58 IST" duration-ms="0" status="PASS">
          <reporter-output>
          </reporter-output>
        </test-method> <!-- tearDownTest -->
        <test-method is-config="true" signature="setup(java.lang.reflect.Method)[pri:0, instance:testcase.FirstOpeartionTest@4a83a74a]" started-at="2024-06-13T12:58:59 IST" name="setup" finished-at="2024-06-13T12:59:04 IST" duration-ms="5533" status="PASS">
          <params>
            <param index="0">
              <value>
                <![CDATA[public void testcase.FirstOpeartionTest.grocery(java.lang.String,java.lang.String)]]>
              </value>
            </param>
          </params>
          <reporter-output>
          </reporter-output>
        </test-method> <!-- setup -->
        <test-method signature="grocery(java.lang.String,java.lang.String)[pri:2, instance:testcase.FirstOpeartionTest@4a83a74a]" started-at="2024-06-13T12:59:04 IST" name="grocery" data-provider="grocerydata" finished-at="2024-06-13T12:59:09 IST" duration-ms="5112" status="PASS">
          <params>
            <param index="0">
              <value>
                <![CDATA[208001]]>
              </value>
            </param>
            <param index="1">
              <value>
                <![CDATA[Lays American Style Cream and Onion Chips]]>
              </value>
            </param>
          </params>
          <reporter-output>
          </reporter-output>
        </test-method> <!-- grocery -->
        <test-method is-config="true" signature="tearDownTest()[pri:0, instance:testcase.FirstOpeartionTest@4a83a74a]" started-at="2024-06-13T12:59:09 IST" name="tearDownTest" finished-at="2024-06-13T12:59:10 IST" duration-ms="754" status="PASS">
          <reporter-output>
          </reporter-output>
        </test-method> <!-- tearDownTest -->
        <test-method is-config="true" signature="setup(java.lang.reflect.Method)[pri:0, instance:testcase.FirstOpeartionTest@4a83a74a]" started-at="2024-06-13T12:59:10 IST" name="setup" finished-at="2024-06-13T12:59:15 IST" duration-ms="4595" status="PASS">
          <params>
            <param index="0">
              <value>
                <![CDATA[public void testcase.FirstOpeartionTest.specficProduct()]]>
              </value>
            </param>
          </params>
          <reporter-output>
          </reporter-output>
        </test-method> <!-- setup -->
        <test-method signature="specficProduct()[pri:3, instance:testcase.FirstOpeartionTest@4a83a74a]" started-at="2024-06-13T12:59:15 IST" name="specficProduct" finished-at="2024-06-13T12:59:24 IST" duration-ms="9123" status="PASS">
          <reporter-output>
          </reporter-output>
        </test-method> <!-- specficProduct -->
        <test-method is-config="true" signature="tearDownTest()[pri:0, instance:testcase.FirstOpeartionTest@4a83a74a]" started-at="2024-06-13T12:59:24 IST" name="tearDownTest" finished-at="2024-06-13T12:59:25 IST" duration-ms="944" status="PASS">
          <reporter-output>
          </reporter-output>
        </test-method> <!-- tearDownTest -->
        <test-method is-config="true" signature="setup(java.lang.reflect.Method)[pri:0, instance:testcase.FirstOpeartionTest@4a83a74a]" started-at="2024-06-13T12:59:25 IST" name="setup" finished-at="2024-06-13T12:59:29 IST" duration-ms="4329" status="PASS">
          <params>
            <param index="0">
              <value>
                <![CDATA[public void testcase.FirstOpeartionTest.becomeSeller(java.lang.String,java.lang.String)]]>
              </value>
            </param>
          </params>
          <reporter-output>
          </reporter-output>
        </test-method> <!-- setup -->
        <test-method signature="becomeSeller(java.lang.String,java.lang.String)[pri:4, instance:testcase.FirstOpeartionTest@4a83a74a]" started-at="2024-06-13T12:59:29 IST" name="becomeSeller" data-provider="sellerdata" finished-at="2024-06-13T12:59:39 IST" duration-ms="10457" status="PASS">
          <params>
            <param index="0">
              <value>
                <![CDATA[9919520904]]>
              </value>
            </param>
            <param index="1">
              <value>
                <![CDATA[hello@gmail.com]]>
              </value>
            </param>
          </params>
          <reporter-output>
          </reporter-output>
        </test-method> <!-- becomeSeller -->
        <test-method is-config="true" signature="tearDownTest()[pri:0, instance:testcase.FirstOpeartionTest@4a83a74a]" started-at="2024-06-13T12:59:39 IST" name="tearDownTest" finished-at="2024-06-13T12:59:41 IST" duration-ms="1562" status="PASS">
          <reporter-output>
          </reporter-output>
        </test-method> <!-- tearDownTest -->
        <test-method is-config="true" signature="setup(java.lang.reflect.Method)[pri:0, instance:testcase.FirstOpeartionTest@4a83a74a]" started-at="2024-06-13T12:59:41 IST" name="setup" finished-at="2024-06-13T12:59:46 IST" duration-ms="4453" status="PASS">
          <params>
            <param index="0">
              <value>
                <![CDATA[public void testcase.FirstOpeartionTest.fashion(java.lang.String,java.lang.String)]]>
              </value>
            </param>
          </params>
          <reporter-output>
          </reporter-output>
        </test-method> <!-- setup -->
        <test-method signature="fashion(java.lang.String,java.lang.String)[pri:5, instance:testcase.FirstOpeartionTest@4a83a74a]" started-at="2024-06-13T12:59:46 IST" name="fashion" data-provider="fashiondata" finished-at="2024-06-13T12:59:57 IST" duration-ms="11856" status="FAIL">
          <params>
            <param index="0">
              <value>
                <![CDATA[Men's Top Wear]]>
              </value>
            </param>
            <param index="1">
              <value>
                <![CDATA[Men Regular Fit Solid Spread Collar Casual Shirt]]>
              </value>
            </param>
          </params>
          <exception class="org.openqa.selenium.NoSuchElementException">
            <message>
              <![CDATA[no such element: Unable to locate element: {"method":"xpath","selector":"//a[contains(text(), "Men's Top Wear")]"}
  (Session info: chrome=125.0.6422.142)
For documentation on this error, please visit: https://www.selenium.dev/documentation/webdriver/troubleshooting/errors#no-such-element-exception
Build info: version: '4.19.1', revision: 'abe0ee07dc'
System info: os.name: 'Windows 11', os.arch: 'amd64', os.version: '10.0', java.version: '17.0.10'
Driver info: org.openqa.selenium.chrome.ChromeDriver
Command: [49b4a05837523b77b0b8b8f33bfd3292, findElement {using=xpath, value=//a[contains(text(), "Men's Top Wear")]}]
Capabilities {acceptInsecureCerts: false, browserName: chrome, browserVersion: 125.0.6422.142, chrome: {chromedriverVersion: 125.0.6422.141 (4b1e8393712..., userDataDir: C:\Users\KARTIK~1\AppData\L...}, fedcm:accounts: true, goog:chromeOptions: {debuggerAddress: localhost:59496}, networkConnectionEnabled: false, pageLoadStrategy: normal, platformName: windows, proxy: Proxy(), se:cdp: ws://localhost:59496/devtoo..., se:cdpVersion: 125.0.6422.142, setWindowRect: true, strictFileInteractability: false, timeouts: {implicit: 0, pageLoad: 300000, script: 30000}, unhandledPromptBehavior: dismiss and notify, webauthn:extension:credBlob: true, webauthn:extension:largeBlob: true, webauthn:extension:minPinLength: true, webauthn:extension:prf: true, webauthn:virtualAuthenticators: true}
Session ID: 49b4a05837523b77b0b8b8f33bfd3292]]>
            </message>
            <full-stacktrace>
              <![CDATA[org.openqa.selenium.NoSuchElementException: no such element: Unable to locate element: {"method":"xpath","selector":"//a[contains(text(), "Men's Top Wear")]"}
  (Session info: chrome=125.0.6422.142)
For documentation on this error, please visit: https://www.selenium.dev/documentation/webdriver/troubleshooting/errors#no-such-element-exception
Build info: version: '4.19.1', revision: 'abe0ee07dc'
System info: os.name: 'Windows 11', os.arch: 'amd64', os.version: '10.0', java.version: '17.0.10'
Driver info: org.openqa.selenium.chrome.ChromeDriver
Command: [49b4a05837523b77b0b8b8f33bfd3292, findElement {using=xpath, value=//a[contains(text(), "Men's Top Wear")]}]
Capabilities {acceptInsecureCerts: false, browserName: chrome, browserVersion: 125.0.6422.142, chrome: {chromedriverVersion: 125.0.6422.141 (4b1e8393712..., userDataDir: C:\Users\KARTIK~1\AppData\L...}, fedcm:accounts: true, goog:chromeOptions: {debuggerAddress: localhost:59496}, networkConnectionEnabled: false, pageLoadStrategy: normal, platformName: windows, proxy: Proxy(), se:cdp: ws://localhost:59496/devtoo..., se:cdpVersion: 125.0.6422.142, setWindowRect: true, strictFileInteractability: false, timeouts: {implicit: 0, pageLoad: 300000, script: 30000}, unhandledPromptBehavior: dismiss and notify, webauthn:extension:credBlob: true, webauthn:extension:largeBlob: true, webauthn:extension:minPinLength: true, webauthn:extension:prf: true, webauthn:virtualAuthenticators: true}
Session ID: 49b4a05837523b77b0b8b8f33bfd3292
at java.base/jdk.internal.reflect.NativeConstructorAccessorImpl.newInstance0(Native Method)
at java.base/jdk.internal.reflect.NativeConstructorAccessorImpl.newInstance(NativeConstructorAccessorImpl.java:77)
at java.base/jdk.internal.reflect.DelegatingConstructorAccessorImpl.newInstance(DelegatingConstructorAccessorImpl.java:45)
at java.base/java.lang.reflect.Constructor.newInstanceWithCaller(Constructor.java:499)
at java.base/java.lang.reflect.Constructor.newInstance(Constructor.java:480)
at org.openqa.selenium.remote.ErrorCodec.decode(ErrorCodec.java:167)
at org.openqa.selenium.remote.codec.w3c.W3CHttpResponseCodec.decode(W3CHttpResponseCodec.java:138)
at org.openqa.selenium.remote.codec.w3c.W3CHttpResponseCodec.decode(W3CHttpResponseCodec.java:50)
at org.openqa.selenium.remote.HttpCommandExecutor.execute(HttpCommandExecutor.java:190)
at org.openqa.selenium.remote.service.DriverCommandExecutor.invokeExecute(DriverCommandExecutor.java:216)
at org.openqa.selenium.remote.service.DriverCommandExecutor.execute(DriverCommandExecutor.java:174)
at org.openqa.selenium.remote.RemoteWebDriver.execute(RemoteWebDriver.java:518)
at org.openqa.selenium.remote.ElementLocation$ElementFinder$2.findElement(ElementLocation.java:165)
at org.openqa.selenium.remote.ElementLocation.findElement(ElementLocation.java:59)
at org.openqa.selenium.remote.RemoteWebDriver.findElement(RemoteWebDriver.java:355)
at org.openqa.selenium.remote.RemoteWebDriver.findElement(RemoteWebDriver.java:349)
at pages.FirstOpeartionPage.Fashion(FirstOpeartionPage.java:119)
at testcase.FirstOpeartionTest.fashion(FirstOpeartionTest.java:73)
at java.base/jdk.internal.reflect.NativeMethodAccessorImpl.invoke0(Native Method)
at java.base/jdk.internal.reflect.NativeMethodAccessorImpl.invoke(NativeMethodAccessorImpl.java:77)
at java.base/jdk.internal.reflect.DelegatingMethodAccessorImpl.invoke(DelegatingMethodAccessorImpl.java:43)
at java.base/java.lang.reflect.Method.invoke(Method.java:568)
at org.testng.internal.invokers.MethodInvocationHelper.invokeMethod(MethodInvocationHelper.java:141)
at org.testng.internal.invokers.TestInvoker.invokeMethod(TestInvoker.java:686)
at org.testng.internal.invokers.TestInvoker.invokeTestMethod(TestInvoker.java:230)
at org.testng.internal.invokers.MethodRunner.runInSequence(MethodRunner.java:63)
at org.testng.internal.invokers.TestInvoker$MethodInvocationAgent.invoke(TestInvoker.java:992)
at org.testng.internal.invokers.TestInvoker.invokeTestMethods(TestInvoker.java:203)
at org.testng.internal.invokers.TestMethodWorker.invokeTestMethods(TestMethodWorker.java:154)
at org.testng.internal.invokers.TestMethodWorker.run(TestMethodWorker.java:134)
at java.base/java.util.ArrayList.forEach(ArrayList.java:1511)
at org.testng.TestRunner.privateRun(TestRunner.java:739)
at org.testng.TestRunner.run(TestRunner.java:614)
at org.testng.SuiteRunner.runTest(SuiteRunner.java:421)
at org.testng.SuiteRunner.runSequentially(SuiteRunner.java:413)
at org.testng.SuiteRunner.privateRun(SuiteRunner.java:373)
at org.testng.SuiteRunner.run(SuiteRunner.java:312)
at org.testng.SuiteRunnerWorker.runSuite(SuiteRunnerWorker.java:52)
at org.testng.SuiteRunnerWorker.run(SuiteRunnerWorker.java:95)
at org.testng.TestNG.runSuitesSequentially(TestNG.java:1274)
at org.testng.TestNG.runSuitesLocally(TestNG.java:1208)
at org.testng.TestNG.runSuites(TestNG.java:1112)
at org.testng.TestNG.run(TestNG.java:1079)
at org.testng.remote.AbstractRemoteTestNG.run(AbstractRemoteTestNG.java:115)
at org.testng.remote.RemoteTestNG.initAndRun(RemoteTestNG.java:293)
at org.testng.remote.RemoteTestNG.main(RemoteTestNG.java:91)
]]>
            </full-stacktrace>
          </exception> <!-- org.openqa.selenium.NoSuchElementException -->
          <reporter-output>
          </reporter-output>
        </test-method> <!-- fashion -->
        <test-method is-config="true" signature="tearDownTest()[pri:0, instance:testcase.FirstOpeartionTest@4a83a74a]" started-at="2024-06-13T13:00:00 IST" name="tearDownTest" finished-at="2024-06-13T13:00:04 IST" duration-ms="3138" status="PASS">
          <reporter-output>
          </reporter-output>
        </test-method> <!-- tearDownTest -->
        <test-method is-config="true" signature="setup(java.lang.reflect.Method)[pri:0, instance:testcase.FirstOpeartionTest@4a83a74a]" started-at="2024-06-13T13:00:04 IST" name="setup" finished-at="2024-06-13T13:00:08 IST" duration-ms="4692" status="PASS">
          <params>
            <param index="0">
              <value>
                <![CDATA[public void testcase.FirstOpeartionTest.notification()]]>
              </value>
            </param>
          </params>
          <reporter-output>
          </reporter-output>
        </test-method> <!-- setup -->
        <test-method signature="notification()[pri:6, instance:testcase.FirstOpeartionTest@4a83a74a]" started-at="2024-06-13T13:00:08 IST" name="notification" finished-at="2024-06-13T13:00:11 IST" duration-ms="2223" status="PASS">
          <reporter-output>
          </reporter-output>
        </test-method> <!-- notification -->
        <test-method is-config="true" signature="tearDownTest()[pri:0, instance:testcase.FirstOpeartionTest@4a83a74a]" started-at="2024-06-13T13:00:11 IST" name="tearDownTest" finished-at="2024-06-13T13:00:11 IST" duration-ms="942" status="PASS">
          <reporter-output>
          </reporter-output>
        </test-method> <!-- tearDownTest -->
        <test-method is-config="true" signature="setup(java.lang.reflect.Method)[pri:0, instance:testcase.FirstOpeartionTest@4a83a74a]" started-at="2024-06-13T13:00:11 IST" name="setup" finished-at="2024-06-13T13:00:16 IST" duration-ms="4323" status="PASS">
          <params>
            <param index="0">
              <value>
                <![CDATA[public void testcase.FirstOpeartionTest.twowheeler()]]>
              </value>
            </param>
          </params>
          <reporter-output>
          </reporter-output>
        </test-method> <!-- setup -->
        <test-method signature="twowheeler()[pri:7, instance:testcase.FirstOpeartionTest@4a83a74a]" started-at="2024-06-13T13:00:16 IST" name="twowheeler" finished-at="2024-06-13T13:00:26 IST" duration-ms="10068" status="FAIL">
          <exception class="org.openqa.selenium.NoSuchElementException">
            <message>
              <![CDATA[no such element: Unable to locate element: {"method":"xpath","selector":"//span[contains(text(),'Two Wheelers')]"}
  (Session info: chrome=125.0.6422.142)
For documentation on this error, please visit: https://www.selenium.dev/documentation/webdriver/troubleshooting/errors#no-such-element-exception
Build info: version: '4.19.1', revision: 'abe0ee07dc'
System info: os.name: 'Windows 11', os.arch: 'amd64', os.version: '10.0', java.version: '17.0.10'
Driver info: org.openqa.selenium.chrome.ChromeDriver
Command: [c856cfeb782f8f14a17e3a621a16faa0, findElement {using=xpath, value=//span[contains(text(),'Two Wheelers')]}]
Capabilities {acceptInsecureCerts: false, browserName: chrome, browserVersion: 125.0.6422.142, chrome: {chromedriverVersion: 125.0.6422.141 (4b1e8393712..., userDataDir: C:\Users\KARTIK~1\AppData\L...}, fedcm:accounts: true, goog:chromeOptions: {debuggerAddress: localhost:59622}, networkConnectionEnabled: false, pageLoadStrategy: normal, platformName: windows, proxy: Proxy(), se:cdp: ws://localhost:59622/devtoo..., se:cdpVersion: 125.0.6422.142, setWindowRect: true, strictFileInteractability: false, timeouts: {implicit: 0, pageLoad: 300000, script: 30000}, unhandledPromptBehavior: dismiss and notify, webauthn:extension:credBlob: true, webauthn:extension:largeBlob: true, webauthn:extension:minPinLength: true, webauthn:extension:prf: true, webauthn:virtualAuthenticators: true}
Session ID: c856cfeb782f8f14a17e3a621a16faa0]]>
            </message>
            <full-stacktrace>
              <![CDATA[org.openqa.selenium.NoSuchElementException: no such element: Unable to locate element: {"method":"xpath","selector":"//span[contains(text(),'Two Wheelers')]"}
  (Session info: chrome=125.0.6422.142)
For documentation on this error, please visit: https://www.selenium.dev/documentation/webdriver/troubleshooting/errors#no-such-element-exception
Build info: version: '4.19.1', revision: 'abe0ee07dc'
System info: os.name: 'Windows 11', os.arch: 'amd64', os.version: '10.0', java.version: '17.0.10'
Driver info: org.openqa.selenium.chrome.ChromeDriver
Command: [c856cfeb782f8f14a17e3a621a16faa0, findElement {using=xpath, value=//span[contains(text(),'Two Wheelers')]}]
Capabilities {acceptInsecureCerts: false, browserName: chrome, browserVersion: 125.0.6422.142, chrome: {chromedriverVersion: 125.0.6422.141 (4b1e8393712..., userDataDir: C:\Users\KARTIK~1\AppData\L...}, fedcm:accounts: true, goog:chromeOptions: {debuggerAddress: localhost:59622}, networkConnectionEnabled: false, pageLoadStrategy: normal, platformName: windows, proxy: Proxy(), se:cdp: ws://localhost:59622/devtoo..., se:cdpVersion: 125.0.6422.142, setWindowRect: true, strictFileInteractability: false, timeouts: {implicit: 0, pageLoad: 300000, script: 30000}, unhandledPromptBehavior: dismiss and notify, webauthn:extension:credBlob: true, webauthn:extension:largeBlob: true, webauthn:extension:minPinLength: true, webauthn:extension:prf: true, webauthn:virtualAuthenticators: true}
Session ID: c856cfeb782f8f14a17e3a621a16faa0
at java.base/jdk.internal.reflect.NativeConstructorAccessorImpl.newInstance0(Native Method)
at java.base/jdk.internal.reflect.NativeConstructorAccessorImpl.newInstance(NativeConstructorAccessorImpl.java:77)
at java.base/jdk.internal.reflect.DelegatingConstructorAccessorImpl.newInstance(DelegatingConstructorAccessorImpl.java:45)
at java.base/java.lang.reflect.Constructor.newInstanceWithCaller(Constructor.java:499)
at java.base/java.lang.reflect.Constructor.newInstance(Constructor.java:480)
at org.openqa.selenium.remote.ErrorCodec.decode(ErrorCodec.java:167)
at org.openqa.selenium.remote.codec.w3c.W3CHttpResponseCodec.decode(W3CHttpResponseCodec.java:138)
at org.openqa.selenium.remote.codec.w3c.W3CHttpResponseCodec.decode(W3CHttpResponseCodec.java:50)
at org.openqa.selenium.remote.HttpCommandExecutor.execute(HttpCommandExecutor.java:190)
at org.openqa.selenium.remote.service.DriverCommandExecutor.invokeExecute(DriverCommandExecutor.java:216)
at org.openqa.selenium.remote.service.DriverCommandExecutor.execute(DriverCommandExecutor.java:174)
at org.openqa.selenium.remote.RemoteWebDriver.execute(RemoteWebDriver.java:518)
at org.openqa.selenium.remote.ElementLocation$ElementFinder$2.findElement(ElementLocation.java:165)
at org.openqa.selenium.remote.ElementLocation.findElement(ElementLocation.java:59)
at org.openqa.selenium.remote.RemoteWebDriver.findElement(RemoteWebDriver.java:355)
at org.openqa.selenium.remote.RemoteWebDriver.findElement(RemoteWebDriver.java:349)
at pages.FirstOpeartionPage.TwoWheeler(FirstOpeartionPage.java:146)
at testcase.FirstOpeartionTest.twowheeler(FirstOpeartionTest.java:99)
at java.base/jdk.internal.reflect.NativeMethodAccessorImpl.invoke0(Native Method)
at java.base/jdk.internal.reflect.NativeMethodAccessorImpl.invoke(NativeMethodAccessorImpl.java:77)
at java.base/jdk.internal.reflect.DelegatingMethodAccessorImpl.invoke(DelegatingMethodAccessorImpl.java:43)
at java.base/java.lang.reflect.Method.invoke(Method.java:568)
at org.testng.internal.invokers.MethodInvocationHelper.invokeMethod(MethodInvocationHelper.java:141)
at org.testng.internal.invokers.TestInvoker.invokeMethod(TestInvoker.java:686)
at org.testng.internal.invokers.TestInvoker.invokeTestMethod(TestInvoker.java:230)
at org.testng.internal.invokers.MethodRunner.runInSequence(MethodRunner.java:63)
at org.testng.internal.invokers.TestInvoker$MethodInvocationAgent.invoke(TestInvoker.java:992)
at org.testng.internal.invokers.TestInvoker.invokeTestMethods(TestInvoker.java:203)
at org.testng.internal.invokers.TestMethodWorker.invokeTestMethods(TestMethodWorker.java:154)
at org.testng.internal.invokers.TestMethodWorker.run(TestMethodWorker.java:134)
at java.base/java.util.ArrayList.forEach(ArrayList.java:1511)
at org.testng.TestRunner.privateRun(TestRunner.java:739)
at org.testng.TestRunner.run(TestRunner.java:614)
at org.testng.SuiteRunner.runTest(SuiteRunner.java:421)
at org.testng.SuiteRunner.runSequentially(SuiteRunner.java:413)
at org.testng.SuiteRunner.privateRun(SuiteRunner.java:373)
at org.testng.SuiteRunner.run(SuiteRunner.java:312)
at org.testng.SuiteRunnerWorker.runSuite(SuiteRunnerWorker.java:52)
at org.testng.SuiteRunnerWorker.run(SuiteRunnerWorker.java:95)
at org.testng.TestNG.runSuitesSequentially(TestNG.java:1274)
at org.testng.TestNG.runSuitesLocally(TestNG.java:1208)
at org.testng.TestNG.runSuites(TestNG.java:1112)
at org.testng.TestNG.run(TestNG.java:1079)
at org.testng.remote.AbstractRemoteTestNG.run(AbstractRemoteTestNG.java:115)
at org.testng.remote.RemoteTestNG.initAndRun(RemoteTestNG.java:293)
at org.testng.remote.RemoteTestNG.main(RemoteTestNG.java:91)
]]>
            </full-stacktrace>
          </exception> <!-- org.openqa.selenium.NoSuchElementException -->
          <reporter-output>
          </reporter-output>
        </test-method> <!-- twowheeler -->
        <test-method is-config="true" signature="tearDownTest()[pri:0, instance:testcase.FirstOpeartionTest@4a83a74a]" started-at="2024-06-13T13:00:26 IST" name="tearDownTest" finished-at="2024-06-13T13:00:29 IST" duration-ms="2634" status="PASS">
          <reporter-output>
          </reporter-output>
        </test-method> <!-- tearDownTest -->
        <test-method is-config="true" signature="tearDownClass()[pri:0, instance:testcase.FirstOpeartionTest@4a83a74a]" started-at="2024-06-13T13:00:29 IST" name="tearDownClass" finished-at="2024-06-13T13:00:29 IST" duration-ms="0" status="PASS">
          <reporter-output>
          </reporter-output>
        </test-method> <!-- tearDownClass -->
      </class> <!-- testcase.FirstOpeartionTest -->
    </test> <!-- Test -->
  </suite> <!-- Suite -->
</testng-results>
