<?xml version="1.0" encoding="UTF-8"?>
<testng-results ignored="0" total="1" passed="1" failed="0" skipped="0">
  <reporter-output>
  </reporter-output>
  <suite started-at="2024-06-08T12:46:50 IST" name="Suite" finished-at="2024-06-08T12:47:02 IST" duration-ms="11405">
    <groups>
    </groups>
    <test started-at="2024-06-08T12:46:50 IST" name="Test" finished-at="2024-06-08T12:47:02 IST" duration-ms="11405">
      <class name="testcase.FirstOpeartionTest">
        <test-method is-config="true" signature="setUp_Logger()[pri:0, instance:testcase.FirstOpeartionTest@2767e23c]" started-at="2024-06-08T12:46:51 IST" name="setUp_Logger" finished-at="2024-06-08T12:46:51 IST" duration-ms="654" status="PASS">
          <reporter-output>
          </reporter-output>
        </test-method> <!-- setUp_Logger -->
        <test-method is-config="true" signature="setup()[pri:0, instance:testcase.FirstOpeartionTest@2767e23c]" started-at="2024-06-08T12:46:52 IST" name="setup" finished-at="2024-06-08T12:46:59 IST" duration-ms="6484" status="PASS">
          <reporter-output>
          </reporter-output>
        </test-method> <!-- setup -->
        <test-method signature="search(java.lang.String)[pri:0, instance:testcase.FirstOpeartionTest@2767e23c]" started-at="2024-06-08T12:46:59 IST" name="search" data-provider="searchdata" finished-at="2024-06-08T12:47:01 IST" duration-ms="2726" status="PASS">
          <params>
            <param index="0">
              <value>
                <![CDATA[phones]]>
              </value>
            </param>
          </params>
          <reporter-output>
          </reporter-output>
        </test-method> <!-- search -->
        <test-method is-config="true" signature="afterTest()[pri:0, instance:testcase.FirstOpeartionTest@2767e23c]" started-at="2024-06-08T12:47:01 IST" name="afterTest" finished-at="2024-06-08T12:47:02 IST" duration-ms="288" status="PASS">
          <reporter-output>
          </reporter-output>
        </test-method> <!-- afterTest -->
      </class> <!-- testcase.FirstOpeartionTest -->
    </test> <!-- Test -->
  </suite> <!-- Suite -->
</testng-results>
