<?xml version="1.0" encoding="UTF-8"?>
<testng-results ignored="0" total="1" passed="1" failed="0" skipped="0">
  <reporter-output>
  </reporter-output>
  <suite started-at="2024-06-13T01:08:29 IST" name="Default suite" finished-at="2024-06-13T01:08:49 IST" duration-ms="20023">
    <groups>
      <group name="regression">
        <method signature="FirstOpeartionTest.grocery(java.lang.String,java.lang.String)[pri:2, instance:testcase.FirstOpeartionTest@7e057f43]" name="grocery" class="testcase.FirstOpeartionTest"/>
      </group> <!-- regression -->
      <group name="smoke">
        <method signature="FirstOpeartionTest.grocery(java.lang.String,java.lang.String)[pri:2, instance:testcase.FirstOpeartionTest@7e057f43]" name="grocery" class="testcase.FirstOpeartionTest"/>
      </group> <!-- smoke -->
    </groups>
    <test started-at="2024-06-13T01:08:29 IST" name="Default test" finished-at="2024-06-13T01:08:49 IST" duration-ms="20023">
      <class name="testcase.FirstOpeartionTest">
        <test-method is-config="true" signature="setUp_Configurations()[pri:0, instance:testcase.FirstOpeartionTest@7e057f43]" started-at="2024-06-13T01:08:29 IST" name="setUp_Configurations" finished-at="2024-06-13T01:08:30 IST" duration-ms="974" status="PASS">
          <reporter-output>
          </reporter-output>
        </test-method> <!-- setUp_Configurations -->
        <test-method is-config="true" signature="setup(java.lang.reflect.Method)[pri:0, instance:testcase.FirstOpeartionTest@7e057f43]" started-at="2024-06-13T01:08:31 IST" name="setup" finished-at="2024-06-13T01:08:41 IST" duration-ms="10018" status="PASS">
          <params>
            <param index="0">
              <value>
                <![CDATA[public void testcase.FirstOpeartionTest.grocery(java.lang.String,java.lang.String)]]>
              </value>
            </param>
          </params>
          <reporter-output>
          </reporter-output>
        </test-method> <!-- setup -->
        <test-method signature="grocery(java.lang.String,java.lang.String)[pri:2, instance:testcase.FirstOpeartionTest@7e057f43]" started-at="2024-06-13T01:08:41 IST" name="grocery" data-provider="grocerydata" finished-at="2024-06-13T01:08:48 IST" duration-ms="6912" status="PASS">
          <params>
            <param index="0">
              <value>
                <![CDATA[208001]]>
              </value>
            </param>
            <param index="1">
              <value>
                <![CDATA[Lays American Style Cream and Onion Chips]]>
              </value>
            </param>
          </params>
          <reporter-output>
          </reporter-output>
        </test-method> <!-- grocery -->
        <test-method is-config="true" signature="tearDownTest()[pri:0, instance:testcase.FirstOpeartionTest@7e057f43]" started-at="2024-06-13T01:08:48 IST" name="tearDownTest" finished-at="2024-06-13T01:08:49 IST" duration-ms="949" status="PASS">
          <reporter-output>
          </reporter-output>
        </test-method> <!-- tearDownTest -->
        <test-method is-config="true" signature="tearDownClass()[pri:0, instance:testcase.FirstOpeartionTest@7e057f43]" started-at="2024-06-13T01:08:49 IST" name="tearDownClass" finished-at="2024-06-13T01:08:49 IST" duration-ms="0" status="PASS">
          <reporter-output>
          </reporter-output>
        </test-method> <!-- tearDownClass -->
      </class> <!-- testcase.FirstOpeartionTest -->
    </test> <!-- Default test -->
  </suite> <!-- Default suite -->
</testng-results>
