<?xml version="1.0" encoding="UTF-8"?>
<testng-results ignored="0" total="1" passed="1" failed="0" skipped="0">
  <reporter-output>
  </reporter-output>
  <suite started-at="2024-06-13T11:21:32 IST" name="Default suite" finished-at="2024-06-13T11:21:46 IST" duration-ms="13973">
    <groups>
      <group name="regression">
        <method signature="ThirdOperationTest.GiftCardPersonal(java.lang.String,java.lang.String,java.lang.String,java.lang.String)[pri:4, instance:testcase.ThirdOperationTest@6e9a5ed8]" name="GiftCardPersonal" class="testcase.ThirdOperationTest"/>
      </group> <!-- regression -->
    </groups>
    <test started-at="2024-06-13T11:21:32 IST" name="Default test" finished-at="2024-06-13T11:21:46 IST" duration-ms="13973">
      <class name="testcase.ThirdOperationTest">
        <test-method is-config="true" signature="setUp_Configurations()[pri:0, instance:testcase.ThirdOperationTest@6e9a5ed8]" started-at="2024-06-13T11:21:32 IST" name="setUp_Configurations" finished-at="2024-06-13T11:21:32 IST" duration-ms="654" status="PASS">
          <reporter-output>
          </reporter-output>
        </test-method> <!-- setUp_Configurations -->
        <test-method is-config="true" signature="setup(java.lang.reflect.Method)[pri:0, instance:testcase.ThirdOperationTest@6e9a5ed8]" started-at="2024-06-13T11:21:33 IST" name="setup" finished-at="2024-06-13T11:21:38 IST" duration-ms="4839" status="PASS">
          <params>
            <param index="0">
              <value>
                <![CDATA[public void testcase.ThirdOperationTest.GiftCardPersonal(java.lang.String,java.lang.String,java.lang.String,java.lang.String)]]>
              </value>
            </param>
          </params>
          <reporter-output>
          </reporter-output>
        </test-method> <!-- setup -->
        <test-method signature="GiftCardPersonal(java.lang.String,java.lang.String,java.lang.String,java.lang.String)[pri:4, instance:testcase.ThirdOperationTest@6e9a5ed8]" started-at="2024-06-13T11:21:38 IST" name="GiftCardPersonal" data-provider="detail" finished-at="2024-06-13T11:21:44 IST" duration-ms="6195" status="PASS">
          <params>
            <param index="0">
              <value>
                <![CDATA[kartikey sharma]]>
              </value>
            </param>
            <param index="1">
              <value>
                <![CDATA[hello@gmail.com]]>
              </value>
            </param>
            <param index="2">
              <value>
                <![CDATA[9990123515]]>
              </value>
            </param>
            <param index="3">
              <value>
                <![CDATA[Hello@123]]>
              </value>
            </param>
          </params>
          <reporter-output>
          </reporter-output>
        </test-method> <!-- GiftCardPersonal -->
        <test-method is-config="true" signature="tearDownTest()[pri:0, instance:testcase.ThirdOperationTest@6e9a5ed8]" started-at="2024-06-13T11:21:44 IST" name="tearDownTest" finished-at="2024-06-13T11:21:46 IST" duration-ms="1377" status="PASS">
          <reporter-output>
          </reporter-output>
        </test-method> <!-- tearDownTest -->
        <test-method is-config="true" signature="tearDownClass()[pri:0, instance:testcase.ThirdOperationTest@6e9a5ed8]" started-at="2024-06-13T11:21:46 IST" name="tearDownClass" finished-at="2024-06-13T11:21:46 IST" duration-ms="0" status="PASS">
          <reporter-output>
          </reporter-output>
        </test-method> <!-- tearDownClass -->
      </class> <!-- testcase.ThirdOperationTest -->
    </test> <!-- Default test -->
  </suite> <!-- Default suite -->
</testng-results>
